2017-05-24 08:58:42.8585|1.0.11.0|ERROR|TTCMS.MvcApplication|
信息编号：123739e5-2e43-40a9-b28c-160f8099e109
用户主机：192.168.80.54
用户代理：Mozilla/5.0 (Windows NT 6.1; WOW64) AppleWebKit/537.36 (KHTML, like Gecko) Chrome/49.0.2623.112 Safari/537.36
记录时间：2017-05-24 08:58:42
来源网址：http://192.168.80.54:8081/cpygroup/1
当前网址：GET - http://192.168.80.54:8081/cpynewDetail/
信息详情：未找到视图“cpynewDetail”或其母版视图，或没有视图引擎支持搜索的位置。搜索了以下位置: 
~/Views/Template/cpynewDetail.aspx
~/Views/Template/cpynewDetail.ascx
~/Views/Shared/cpynewDetail.aspx
~/Views/Shared/cpynewDetail.ascx
~/Views/Template/cpynewDetail.cshtml
~/Views/Template/cpynewDetail.vbhtml
~/Views/Shared/cpynewDetail.cshtml
~/Views/Shared/cpynewDetail.vbhtml
代码追踪：   在 System.Web.Mvc.ViewResult.FindView(ControllerContext context)
   在 System.Web.Mvc.ViewResultBase.ExecuteResult(ControllerContext context)
   在 System.Web.Mvc.ControllerActionInvoker.<>c__DisplayClass1c.<InvokeActionResultWithFilters>b__19()
   在 System.Web.Mvc.ControllerActionInvoker.InvokeActionResultFilter(IResultFilter filter, ResultExecutingContext preContext, Func`1 continuation)
   在 System.Web.Mvc.ControllerActionInvoker.InvokeActionResultWithFilters(ControllerContext controllerContext, IList`1 filters, ActionResult actionResult)
   在 System.Web.Mvc.ControllerActionInvoker.InvokeAction(ControllerContext controllerContext, String actionName)
   在 System.Web.Mvc.Controller.ExecuteCore()
   在 System.Web.Mvc.ControllerBase.Execute(RequestContext requestContext)
   在 System.Web.Mvc.MvcHandler.<>c__DisplayClass6.<>c__DisplayClassb.<BeginProcessRequest>b__5()
   在 System.Web.Mvc.Async.AsyncResultWrapper.<>c__DisplayClass1.<MakeVoidDelegate>b__0()
   在 System.Web.Mvc.MvcHandler.<>c__DisplayClasse.<EndProcessRequest>b__d()
   在 System.Web.HttpApplication.CallHandlerExecutionStep.System.Web.HttpApplication.IExecutionStep.Execute()
   在 System.Web.HttpApplication.ExecuteStep(IExecutionStep step, Boolean& completedSynchronously)

2017-05-24 08:58:54.2374|1.0.11.0|ERROR|TTCMS.MvcApplication|
信息编号：8f779714-891e-49b0-9a98-a256a4c47615
用户主机：192.168.80.54
用户代理：Mozilla/5.0 (Windows NT 6.1; WOW64) AppleWebKit/537.36 (KHTML, like Gecko) Chrome/49.0.2623.112 Safari/537.36
记录时间：2017-05-24 08:58:54
当前网址：GET - http://192.168.80.54:8081/cpynewDetail/1
信息详情：未找到视图“cpynewDetail”或其母版视图，或没有视图引擎支持搜索的位置。搜索了以下位置: 
~/Views/Template/cpynewDetail.aspx
~/Views/Template/cpynewDetail.ascx
~/Views/Shared/cpynewDetail.aspx
~/Views/Shared/cpynewDetail.ascx
~/Views/Template/cpynewDetail.cshtml
~/Views/Template/cpynewDetail.vbhtml
~/Views/Shared/cpynewDetail.cshtml
~/Views/Shared/cpynewDetail.vbhtml
代码追踪：   在 System.Web.Mvc.ViewResult.FindView(ControllerContext context)
   在 System.Web.Mvc.ViewResultBase.ExecuteResult(ControllerContext context)
   在 System.Web.Mvc.ControllerActionInvoker.<>c__DisplayClass1c.<InvokeActionResultWithFilters>b__19()
   在 System.Web.Mvc.ControllerActionInvoker.InvokeActionResultFilter(IResultFilter filter, ResultExecutingContext preContext, Func`1 continuation)
   在 System.Web.Mvc.ControllerActionInvoker.InvokeActionResultWithFilters(ControllerContext controllerContext, IList`1 filters, ActionResult actionResult)
   在 System.Web.Mvc.ControllerActionInvoker.InvokeAction(ControllerContext controllerContext, String actionName)
   在 System.Web.Mvc.Controller.ExecuteCore()
   在 System.Web.Mvc.ControllerBase.Execute(RequestContext requestContext)
   在 System.Web.Mvc.MvcHandler.<>c__DisplayClass6.<>c__DisplayClassb.<BeginProcessRequest>b__5()
   在 System.Web.Mvc.Async.AsyncResultWrapper.<>c__DisplayClass1.<MakeVoidDelegate>b__0()
   在 System.Web.Mvc.MvcHandler.<>c__DisplayClasse.<EndProcessRequest>b__d()
   在 System.Web.HttpApplication.CallHandlerExecutionStep.System.Web.HttpApplication.IExecutionStep.Execute()
   在 System.Web.HttpApplication.ExecuteStep(IExecutionStep step, Boolean& completedSynchronously)

2017-05-24 08:59:02.7944|1.0.11.0|ERROR|TTCMS.MvcApplication|
信息编号：66be71c4-cfd8-4148-981c-a61ce9138c02
用户主机：192.168.80.54
用户代理：Mozilla/5.0 (Windows NT 6.1; WOW64) AppleWebKit/537.36 (KHTML, like Gecko) Chrome/49.0.2623.112 Safari/537.36
记录时间：2017-05-24 08:59:02
来源网址：http://192.168.80.54:8081/cpygroup/1
当前网址：GET - http://192.168.80.54:8081/cpynewDetail/
信息详情：未找到视图“cpynewDetail”或其母版视图，或没有视图引擎支持搜索的位置。搜索了以下位置: 
~/Views/Template/cpynewDetail.aspx
~/Views/Template/cpynewDetail.ascx
~/Views/Shared/cpynewDetail.aspx
~/Views/Shared/cpynewDetail.ascx
~/Views/Template/cpynewDetail.cshtml
~/Views/Template/cpynewDetail.vbhtml
~/Views/Shared/cpynewDetail.cshtml
~/Views/Shared/cpynewDetail.vbhtml
代码追踪：   在 System.Web.Mvc.ViewResult.FindView(ControllerContext context)
   在 System.Web.Mvc.ViewResultBase.ExecuteResult(ControllerContext context)
   在 System.Web.Mvc.ControllerActionInvoker.<>c__DisplayClass1c.<InvokeActionResultWithFilters>b__19()
   在 System.Web.Mvc.ControllerActionInvoker.InvokeActionResultFilter(IResultFilter filter, ResultExecutingContext preContext, Func`1 continuation)
   在 System.Web.Mvc.ControllerActionInvoker.InvokeActionResultWithFilters(ControllerContext controllerContext, IList`1 filters, ActionResult actionResult)
   在 System.Web.Mvc.ControllerActionInvoker.InvokeAction(ControllerContext controllerContext, String actionName)
   在 System.Web.Mvc.Controller.ExecuteCore()
   在 System.Web.Mvc.ControllerBase.Execute(RequestContext requestContext)
   在 System.Web.Mvc.MvcHandler.<>c__DisplayClass6.<>c__DisplayClassb.<BeginProcessRequest>b__5()
   在 System.Web.Mvc.Async.AsyncResultWrapper.<>c__DisplayClass1.<MakeVoidDelegate>b__0()
   在 System.Web.Mvc.MvcHandler.<>c__DisplayClasse.<EndProcessRequest>b__d()
   在 System.Web.HttpApplication.CallHandlerExecutionStep.System.Web.HttpApplication.IExecutionStep.Execute()
   在 System.Web.HttpApplication.ExecuteStep(IExecutionStep step, Boolean& completedSynchronously)

2017-05-24 08:59:11.7072|1.0.11.0|ERROR|TTCMS.MvcApplication|
信息编号：570f13c1-ceb7-4503-ac18-fcabb29d2f6f
用户主机：192.168.80.54
用户代理：Mozilla/5.0 (Windows NT 6.1; WOW64) AppleWebKit/537.36 (KHTML, like Gecko) Chrome/49.0.2623.112 Safari/537.36
记录时间：2017-05-24 08:59:11
来源网址：http://192.168.80.54:8081/cpynews
当前网址：GET - http://192.168.80.54:8081/cpynewDetail/68873
信息详情：未找到视图“cpynewDetail”或其母版视图，或没有视图引擎支持搜索的位置。搜索了以下位置: 
~/Views/Template/cpynewDetail.aspx
~/Views/Template/cpynewDetail.ascx
~/Views/Shared/cpynewDetail.aspx
~/Views/Shared/cpynewDetail.ascx
~/Views/Template/cpynewDetail.cshtml
~/Views/Template/cpynewDetail.vbhtml
~/Views/Shared/cpynewDetail.cshtml
~/Views/Shared/cpynewDetail.vbhtml
代码追踪：   在 System.Web.Mvc.ViewResult.FindView(ControllerContext context)
   在 System.Web.Mvc.ViewResultBase.ExecuteResult(ControllerContext context)
   在 System.Web.Mvc.ControllerActionInvoker.<>c__DisplayClass1c.<InvokeActionResultWithFilters>b__19()
   在 System.Web.Mvc.ControllerActionInvoker.InvokeActionResultFilter(IResultFilter filter, ResultExecutingContext preContext, Func`1 continuation)
   在 System.Web.Mvc.ControllerActionInvoker.InvokeActionResultWithFilters(ControllerContext controllerContext, IList`1 filters, ActionResult actionResult)
   在 System.Web.Mvc.ControllerActionInvoker.InvokeAction(ControllerContext controllerContext, String actionName)
   在 System.Web.Mvc.Controller.ExecuteCore()
   在 System.Web.Mvc.ControllerBase.Execute(RequestContext requestContext)
   在 System.Web.Mvc.MvcHandler.<>c__DisplayClass6.<>c__DisplayClassb.<BeginProcessRequest>b__5()
   在 System.Web.Mvc.Async.AsyncResultWrapper.<>c__DisplayClass1.<MakeVoidDelegate>b__0()
   在 System.Web.Mvc.MvcHandler.<>c__DisplayClasse.<EndProcessRequest>b__d()
   在 System.Web.HttpApplication.CallHandlerExecutionStep.System.Web.HttpApplication.IExecutionStep.Execute()
   在 System.Web.HttpApplication.ExecuteStep(IExecutionStep step, Boolean& completedSynchronously)

2017-05-24 08:59:24.4726|1.0.11.0|ERROR|TTCMS.MvcApplication|
信息编号：77011126-54f9-4f4c-a055-1046b6bf26e8
用户主机：192.168.80.54
用户代理：Mozilla/5.0 (Windows NT 6.1; WOW64) AppleWebKit/537.36 (KHTML, like Gecko) Chrome/49.0.2623.112 Safari/537.36
记录时间：2017-05-24 08:59:24
来源网址：http://192.168.80.54:8081/cpynews
当前网址：GET - http://192.168.80.54:8081/cpynewDetail/68872
信息详情：未找到视图“cpynewDetail”或其母版视图，或没有视图引擎支持搜索的位置。搜索了以下位置: 
~/Views/Template/cpynewDetail.aspx
~/Views/Template/cpynewDetail.ascx
~/Views/Shared/cpynewDetail.aspx
~/Views/Shared/cpynewDetail.ascx
~/Views/Template/cpynewDetail.cshtml
~/Views/Template/cpynewDetail.vbhtml
~/Views/Shared/cpynewDetail.cshtml
~/Views/Shared/cpynewDetail.vbhtml
代码追踪：   在 System.Web.Mvc.ViewResult.FindView(ControllerContext context)
   在 System.Web.Mvc.ViewResultBase.ExecuteResult(ControllerContext context)
   在 System.Web.Mvc.ControllerActionInvoker.<>c__DisplayClass1c.<InvokeActionResultWithFilters>b__19()
   在 System.Web.Mvc.ControllerActionInvoker.InvokeActionResultFilter(IResultFilter filter, ResultExecutingContext preContext, Func`1 continuation)
   在 System.Web.Mvc.ControllerActionInvoker.InvokeActionResultWithFilters(ControllerContext controllerContext, IList`1 filters, ActionResult actionResult)
   在 System.Web.Mvc.ControllerActionInvoker.InvokeAction(ControllerContext controllerContext, String actionName)
   在 System.Web.Mvc.Controller.ExecuteCore()
   在 System.Web.Mvc.ControllerBase.Execute(RequestContext requestContext)
   在 System.Web.Mvc.MvcHandler.<>c__DisplayClass6.<>c__DisplayClassb.<BeginProcessRequest>b__5()
   在 System.Web.Mvc.Async.AsyncResultWrapper.<>c__DisplayClass1.<MakeVoidDelegate>b__0()
   在 System.Web.Mvc.MvcHandler.<>c__DisplayClasse.<EndProcessRequest>b__d()
   在 System.Web.HttpApplication.CallHandlerExecutionStep.System.Web.HttpApplication.IExecutionStep.Execute()
   在 System.Web.HttpApplication.ExecuteStep(IExecutionStep step, Boolean& completedSynchronously)

2017-05-24 08:59:44.3088|1.0.11.0|ERROR|TTCMS.MvcApplication|
信息编号：7b9af849-9e3c-42f5-9b2c-276123b2c692
用户主机：192.168.80.54
用户代理：Mozilla/5.0 (Windows NT 6.1; WOW64) AppleWebKit/537.36 (KHTML, like Gecko) Chrome/49.0.2623.112 Safari/537.36
记录时间：2017-05-24 08:59:44
来源网址：http://192.168.80.54:8081/cpynews
当前网址：GET - http://192.168.80.54:8081/cpynewDetail/68873
信息详情：未找到视图“cpynewDetail”或其母版视图，或没有视图引擎支持搜索的位置。搜索了以下位置: 
~/Views/Template/cpynewDetail.aspx
~/Views/Template/cpynewDetail.ascx
~/Views/Shared/cpynewDetail.aspx
~/Views/Shared/cpynewDetail.ascx
~/Views/Template/cpynewDetail.cshtml
~/Views/Template/cpynewDetail.vbhtml
~/Views/Shared/cpynewDetail.cshtml
~/Views/Shared/cpynewDetail.vbhtml
代码追踪：   在 System.Web.Mvc.ViewResult.FindView(ControllerContext context)
   在 System.Web.Mvc.ViewResultBase.ExecuteResult(ControllerContext context)
   在 System.Web.Mvc.ControllerActionInvoker.<>c__DisplayClass1c.<InvokeActionResultWithFilters>b__19()
   在 System.Web.Mvc.ControllerActionInvoker.InvokeActionResultFilter(IResultFilter filter, ResultExecutingContext preContext, Func`1 continuation)
   在 System.Web.Mvc.ControllerActionInvoker.InvokeActionResultWithFilters(ControllerContext controllerContext, IList`1 filters, ActionResult actionResult)
   在 System.Web.Mvc.ControllerActionInvoker.InvokeAction(ControllerContext controllerContext, String actionName)
   在 System.Web.Mvc.Controller.ExecuteCore()
   在 System.Web.Mvc.ControllerBase.Execute(RequestContext requestContext)
   在 System.Web.Mvc.MvcHandler.<>c__DisplayClass6.<>c__DisplayClassb.<BeginProcessRequest>b__5()
   在 System.Web.Mvc.Async.AsyncResultWrapper.<>c__DisplayClass1.<MakeVoidDelegate>b__0()
   在 System.Web.Mvc.MvcHandler.<>c__DisplayClasse.<EndProcessRequest>b__d()
   在 System.Web.HttpApplication.CallHandlerExecutionStep.System.Web.HttpApplication.IExecutionStep.Execute()
   在 System.Web.HttpApplication.ExecuteStep(IExecutionStep step, Boolean& completedSynchronously)

2017-05-24 09:54:36.3498|1.0.11.0|ERROR|TTCMS.MvcApplication|
信息编号：db30267d-74c2-460f-9eb6-f023776f088e
用户主机：192.168.80.54
用户代理：Mozilla/5.0 (Windows NT 6.1; WOW64) AppleWebKit/537.36 (KHTML, like Gecko) Chrome/49.0.2623.112 Safari/537.36
记录时间：2017-05-24 09:54:36
网络代码：500
来源网址：http://192.168.80.54:8081/photo
当前网址：GET - http://192.168.80.54:8081/conMessage
信息详情：节已定义:“js”。
代码追踪：   在 System.Web.WebPages.WebPageBase.DefineSection(String name, SectionWriter action)
   在 ASP._Page_Views_Template_conMessage_cshtml.Execute() 位置 e:\TTCMS\Views\Template\conMessage.cshtml:行号 26
   在 System.Web.WebPages.WebPageBase.ExecutePageHierarchy()
   在 System.Web.Mvc.WebViewPage.ExecutePageHierarchy()
   在 System.Web.WebPages.StartPage.ExecutePageHierarchy()
   在 System.Web.WebPages.WebPageBase.ExecutePageHierarchy(WebPageContext pageContext, TextWriter writer, WebPageRenderingBase startPage)
   在 System.Web.Mvc.ViewResultBase.ExecuteResult(ControllerContext context)
   在 System.Web.Mvc.ControllerActionInvoker.<>c__DisplayClass1c.<InvokeActionResultWithFilters>b__19()
   在 System.Web.Mvc.ControllerActionInvoker.InvokeActionResultFilter(IResultFilter filter, ResultExecutingContext preContext, Func`1 continuation)
   在 System.Web.Mvc.ControllerActionInvoker.InvokeActionResultWithFilters(ControllerContext controllerContext, IList`1 filters, ActionResult actionResult)
   在 System.Web.Mvc.ControllerActionInvoker.InvokeAction(ControllerContext controllerContext, String actionName)
   在 System.Web.Mvc.Controller.ExecuteCore()
   在 System.Web.Mvc.ControllerBase.Execute(RequestContext requestContext)
   在 System.Web.Mvc.MvcHandler.<>c__DisplayClass6.<>c__DisplayClassb.<BeginProcessRequest>b__5()
   在 System.Web.Mvc.Async.AsyncResultWrapper.<>c__DisplayClass1.<MakeVoidDelegate>b__0()
   在 System.Web.Mvc.MvcHandler.<>c__DisplayClasse.<EndProcessRequest>b__d()
   在 System.Web.HttpApplication.CallHandlerExecutionStep.System.Web.HttpApplication.IExecutionStep.Execute()
   在 System.Web.HttpApplication.ExecuteStep(IExecutionStep step, Boolean& completedSynchronously)

2017-05-24 09:56:19.8110|1.0.11.0|ERROR|TTCMS.MvcApplication|
信息编号：f5084ad8-ab41-44db-9b53-4fbdd4bad9cb
用户主机：192.168.80.54
用户代理：Mozilla/5.0 (Windows NT 6.1; WOW64) AppleWebKit/537.36 (KHTML, like Gecko) Chrome/49.0.2623.112 Safari/537.36
记录时间：2017-05-24 09:56:19
网络代码：500
来源网址：http://192.168.80.54:8081/photo
当前网址：GET - http://192.168.80.54:8081/conMessage
信息详情：节已定义:“js”。
代码追踪：   在 System.Web.WebPages.WebPageBase.DefineSection(String name, SectionWriter action)
   在 ASP._Page_Views_Template_conMessage_cshtml.Execute() 位置 e:\TTCMS\Views\Template\conMessage.cshtml:行号 26
   在 System.Web.WebPages.WebPageBase.ExecutePageHierarchy()
   在 System.Web.Mvc.WebViewPage.ExecutePageHierarchy()
   在 System.Web.WebPages.StartPage.ExecutePageHierarchy()
   在 System.Web.WebPages.WebPageBase.ExecutePageHierarchy(WebPageContext pageContext, TextWriter writer, WebPageRenderingBase startPage)
   在 System.Web.Mvc.ViewResultBase.ExecuteResult(ControllerContext context)
   在 System.Web.Mvc.ControllerActionInvoker.<>c__DisplayClass1c.<InvokeActionResultWithFilters>b__19()
   在 System.Web.Mvc.ControllerActionInvoker.InvokeActionResultFilter(IResultFilter filter, ResultExecutingContext preContext, Func`1 continuation)
   在 System.Web.Mvc.ControllerActionInvoker.InvokeActionResultWithFilters(ControllerContext controllerContext, IList`1 filters, ActionResult actionResult)
   在 System.Web.Mvc.ControllerActionInvoker.InvokeAction(ControllerContext controllerContext, String actionName)
   在 System.Web.Mvc.Controller.ExecuteCore()
   在 System.Web.Mvc.ControllerBase.Execute(RequestContext requestContext)
   在 System.Web.Mvc.MvcHandler.<>c__DisplayClass6.<>c__DisplayClassb.<BeginProcessRequest>b__5()
   在 System.Web.Mvc.Async.AsyncResultWrapper.<>c__DisplayClass1.<MakeVoidDelegate>b__0()
   在 System.Web.Mvc.MvcHandler.<>c__DisplayClasse.<EndProcessRequest>b__d()
   在 System.Web.HttpApplication.CallHandlerExecutionStep.System.Web.HttpApplication.IExecutionStep.Execute()
   在 System.Web.HttpApplication.ExecuteStep(IExecutionStep step, Boolean& completedSynchronously)

2017-05-24 09:56:23.0793|1.0.11.0|ERROR|TTCMS.MvcApplication|
信息编号：04f9975e-27cf-4173-8ce9-8a0219f65cc4
用户主机：192.168.80.54
用户代理：Mozilla/5.0 (Windows NT 6.1; WOW64) AppleWebKit/537.36 (KHTML, like Gecko) Chrome/49.0.2623.112 Safari/537.36
记录时间：2017-05-24 09:56:23
网络代码：500
来源网址：http://192.168.80.54:8081/photo
当前网址：GET - http://192.168.80.54:8081/conMessage
信息详情：节已定义:“js”。
代码追踪：   在 System.Web.WebPages.WebPageBase.DefineSection(String name, SectionWriter action)
   在 ASP._Page_Views_Template_conMessage_cshtml.Execute() 位置 e:\TTCMS\Views\Template\conMessage.cshtml:行号 26
   在 System.Web.WebPages.WebPageBase.ExecutePageHierarchy()
   在 System.Web.Mvc.WebViewPage.ExecutePageHierarchy()
   在 System.Web.WebPages.StartPage.ExecutePageHierarchy()
   在 System.Web.WebPages.WebPageBase.ExecutePageHierarchy(WebPageContext pageContext, TextWriter writer, WebPageRenderingBase startPage)
   在 System.Web.Mvc.ViewResultBase.ExecuteResult(ControllerContext context)
   在 System.Web.Mvc.ControllerActionInvoker.<>c__DisplayClass1c.<InvokeActionResultWithFilters>b__19()
   在 System.Web.Mvc.ControllerActionInvoker.InvokeActionResultFilter(IResultFilter filter, ResultExecutingContext preContext, Func`1 continuation)
   在 System.Web.Mvc.ControllerActionInvoker.InvokeActionResultWithFilters(ControllerContext controllerContext, IList`1 filters, ActionResult actionResult)
   在 System.Web.Mvc.ControllerActionInvoker.InvokeAction(ControllerContext controllerContext, String actionName)
   在 System.Web.Mvc.Controller.ExecuteCore()
   在 System.Web.Mvc.ControllerBase.Execute(RequestContext requestContext)
   在 System.Web.Mvc.MvcHandler.<>c__DisplayClass6.<>c__DisplayClassb.<BeginProcessRequest>b__5()
   在 System.Web.Mvc.Async.AsyncResultWrapper.<>c__DisplayClass1.<MakeVoidDelegate>b__0()
   在 System.Web.Mvc.MvcHandler.<>c__DisplayClasse.<EndProcessRequest>b__d()
   在 System.Web.HttpApplication.CallHandlerExecutionStep.System.Web.HttpApplication.IExecutionStep.Execute()
   在 System.Web.HttpApplication.ExecuteStep(IExecutionStep step, Boolean& completedSynchronously)

2017-05-24 09:56:42.9945|1.0.11.0|ERROR|TTCMS.MvcApplication|
信息编号：42da63ed-83a0-4df1-94ea-6a55d6f9312e
用户主机：192.168.80.54
用户代理：Mozilla/5.0 (Windows NT 6.1; WOW64) AppleWebKit/537.36 (KHTML, like Gecko) Chrome/49.0.2623.112 Safari/537.36
记录时间：2017-05-24 09:56:42
网络代码：500
来源网址：http://192.168.80.54:8081/photo
当前网址：GET - http://192.168.80.54:8081/conMessage
信息详情：节已定义:“js”。
代码追踪：   在 System.Web.WebPages.WebPageBase.DefineSection(String name, SectionWriter action)
   在 ASP._Page_Views_Template_conMessage_cshtml.Execute() 位置 e:\TTCMS\Views\Template\conMessage.cshtml:行号 26
   在 System.Web.WebPages.WebPageBase.ExecutePageHierarchy()
   在 System.Web.Mvc.WebViewPage.ExecutePageHierarchy()
   在 System.Web.WebPages.StartPage.ExecutePageHierarchy()
   在 System.Web.WebPages.WebPageBase.ExecutePageHierarchy(WebPageContext pageContext, TextWriter writer, WebPageRenderingBase startPage)
   在 System.Web.Mvc.ViewResultBase.ExecuteResult(ControllerContext context)
   在 System.Web.Mvc.ControllerActionInvoker.<>c__DisplayClass1c.<InvokeActionResultWithFilters>b__19()
   在 System.Web.Mvc.ControllerActionInvoker.InvokeActionResultFilter(IResultFilter filter, ResultExecutingContext preContext, Func`1 continuation)
   在 System.Web.Mvc.ControllerActionInvoker.InvokeActionResultWithFilters(ControllerContext controllerContext, IList`1 filters, ActionResult actionResult)
   在 System.Web.Mvc.ControllerActionInvoker.InvokeAction(ControllerContext controllerContext, String actionName)
   在 System.Web.Mvc.Controller.ExecuteCore()
   在 System.Web.Mvc.ControllerBase.Execute(RequestContext requestContext)
   在 System.Web.Mvc.MvcHandler.<>c__DisplayClass6.<>c__DisplayClassb.<BeginProcessRequest>b__5()
   在 System.Web.Mvc.Async.AsyncResultWrapper.<>c__DisplayClass1.<MakeVoidDelegate>b__0()
   在 System.Web.Mvc.MvcHandler.<>c__DisplayClasse.<EndProcessRequest>b__d()
   在 System.Web.HttpApplication.CallHandlerExecutionStep.System.Web.HttpApplication.IExecutionStep.Execute()
   在 System.Web.HttpApplication.ExecuteStep(IExecutionStep step, Boolean& completedSynchronously)

2017-05-24 09:56:52.7851|1.0.11.0|ERROR|TTCMS.MvcApplication|
信息编号：d478f153-78f0-4a7f-8f4d-b76c50ac8017
用户主机：192.168.80.54
用户代理：Mozilla/5.0 (Windows NT 6.1; WOW64) AppleWebKit/537.36 (KHTML, like Gecko) Chrome/49.0.2623.112 Safari/537.36
记录时间：2017-05-24 09:56:52
网络代码：500
来源网址：http://192.168.80.54:8081/photo
当前网址：GET - http://192.168.80.54:8081/conMessage
信息详情：节已定义:“js”。
代码追踪：   在 System.Web.WebPages.WebPageBase.DefineSection(String name, SectionWriter action)
   在 ASP._Page_Views_Template_conMessage_cshtml.Execute() 位置 e:\TTCMS\Views\Template\conMessage.cshtml:行号 26
   在 System.Web.WebPages.WebPageBase.ExecutePageHierarchy()
   在 System.Web.Mvc.WebViewPage.ExecutePageHierarchy()
   在 System.Web.WebPages.StartPage.ExecutePageHierarchy()
   在 System.Web.WebPages.WebPageBase.ExecutePageHierarchy(WebPageContext pageContext, TextWriter writer, WebPageRenderingBase startPage)
   在 System.Web.Mvc.ViewResultBase.ExecuteResult(ControllerContext context)
   在 System.Web.Mvc.ControllerActionInvoker.<>c__DisplayClass1c.<InvokeActionResultWithFilters>b__19()
   在 System.Web.Mvc.ControllerActionInvoker.InvokeActionResultFilter(IResultFilter filter, ResultExecutingContext preContext, Func`1 continuation)
   在 System.Web.Mvc.ControllerActionInvoker.InvokeActionResultWithFilters(ControllerContext controllerContext, IList`1 filters, ActionResult actionResult)
   在 System.Web.Mvc.ControllerActionInvoker.InvokeAction(ControllerContext controllerContext, String actionName)
   在 System.Web.Mvc.Controller.ExecuteCore()
   在 System.Web.Mvc.ControllerBase.Execute(RequestContext requestContext)
   在 System.Web.Mvc.MvcHandler.<>c__DisplayClass6.<>c__DisplayClassb.<BeginProcessRequest>b__5()
   在 System.Web.Mvc.Async.AsyncResultWrapper.<>c__DisplayClass1.<MakeVoidDelegate>b__0()
   在 System.Web.Mvc.MvcHandler.<>c__DisplayClasse.<EndProcessRequest>b__d()
   在 System.Web.HttpApplication.CallHandlerExecutionStep.System.Web.HttpApplication.IExecutionStep.Execute()
   在 System.Web.HttpApplication.ExecuteStep(IExecutionStep step, Boolean& completedSynchronously)

2017-05-24 09:57:49.6564|1.0.11.0|ERROR|TTCMS.MvcApplication|
信息编号：bd80068e-f69d-4b28-ad34-67796e58870a
用户主机：192.168.80.54
用户代理：Mozilla/5.0 (Windows NT 6.1; WOW64) AppleWebKit/537.36 (KHTML, like Gecko) Chrome/49.0.2623.112 Safari/537.36
记录时间：2017-05-24 09:57:49
网络代码：500
来源网址：http://192.168.80.54:8081/photo
当前网址：GET - http://192.168.80.54:8081/conMessage
信息详情：节已定义:“js”。
代码追踪：   在 System.Web.WebPages.WebPageBase.DefineSection(String name, SectionWriter action)
   在 ASP._Page_Views_Template_conMessage_cshtml.Execute() 位置 e:\TTCMS\Views\Template\conMessage.cshtml:行号 26
   在 System.Web.WebPages.WebPageBase.ExecutePageHierarchy()
   在 System.Web.Mvc.WebViewPage.ExecutePageHierarchy()
   在 System.Web.WebPages.StartPage.ExecutePageHierarchy()
   在 System.Web.WebPages.WebPageBase.ExecutePageHierarchy(WebPageContext pageContext, TextWriter writer, WebPageRenderingBase startPage)
   在 System.Web.Mvc.ViewResultBase.ExecuteResult(ControllerContext context)
   在 System.Web.Mvc.ControllerActionInvoker.<>c__DisplayClass1c.<InvokeActionResultWithFilters>b__19()
   在 System.Web.Mvc.ControllerActionInvoker.InvokeActionResultFilter(IResultFilter filter, ResultExecutingContext preContext, Func`1 continuation)
   在 System.Web.Mvc.ControllerActionInvoker.InvokeActionResultWithFilters(ControllerContext controllerContext, IList`1 filters, ActionResult actionResult)
   在 System.Web.Mvc.ControllerActionInvoker.InvokeAction(ControllerContext controllerContext, String actionName)
   在 System.Web.Mvc.Controller.ExecuteCore()
   在 System.Web.Mvc.ControllerBase.Execute(RequestContext requestContext)
   在 System.Web.Mvc.MvcHandler.<>c__DisplayClass6.<>c__DisplayClassb.<BeginProcessRequest>b__5()
   在 System.Web.Mvc.Async.AsyncResultWrapper.<>c__DisplayClass1.<MakeVoidDelegate>b__0()
   在 System.Web.Mvc.MvcHandler.<>c__DisplayClasse.<EndProcessRequest>b__d()
   在 System.Web.HttpApplication.CallHandlerExecutionStep.System.Web.HttpApplication.IExecutionStep.Execute()
   在 System.Web.HttpApplication.ExecuteStep(IExecutionStep step, Boolean& completedSynchronously)

2017-05-24 09:57:51.5997|1.0.11.0|ERROR|TTCMS.MvcApplication|
信息编号：34dec30b-bb88-4f04-ba54-9a8f5dfc80aa
用户主机：192.168.80.54
用户代理：Mozilla/5.0 (Windows NT 6.1; WOW64) AppleWebKit/537.36 (KHTML, like Gecko) Chrome/49.0.2623.112 Safari/537.36
记录时间：2017-05-24 09:57:51
网络代码：500
来源网址：http://192.168.80.54:8081/photo
当前网址：GET - http://192.168.80.54:8081/conMessage
信息详情：节已定义:“js”。
代码追踪：   在 System.Web.WebPages.WebPageBase.DefineSection(String name, SectionWriter action)
   在 ASP._Page_Views_Template_conMessage_cshtml.Execute() 位置 e:\TTCMS\Views\Template\conMessage.cshtml:行号 26
   在 System.Web.WebPages.WebPageBase.ExecutePageHierarchy()
   在 System.Web.Mvc.WebViewPage.ExecutePageHierarchy()
   在 System.Web.WebPages.StartPage.ExecutePageHierarchy()
   在 System.Web.WebPages.WebPageBase.ExecutePageHierarchy(WebPageContext pageContext, TextWriter writer, WebPageRenderingBase startPage)
   在 System.Web.Mvc.ViewResultBase.ExecuteResult(ControllerContext context)
   在 System.Web.Mvc.ControllerActionInvoker.<>c__DisplayClass1c.<InvokeActionResultWithFilters>b__19()
   在 System.Web.Mvc.ControllerActionInvoker.InvokeActionResultFilter(IResultFilter filter, ResultExecutingContext preContext, Func`1 continuation)
   在 System.Web.Mvc.ControllerActionInvoker.InvokeActionResultWithFilters(ControllerContext controllerContext, IList`1 filters, ActionResult actionResult)
   在 System.Web.Mvc.ControllerActionInvoker.InvokeAction(ControllerContext controllerContext, String actionName)
   在 System.Web.Mvc.Controller.ExecuteCore()
   在 System.Web.Mvc.ControllerBase.Execute(RequestContext requestContext)
   在 System.Web.Mvc.MvcHandler.<>c__DisplayClass6.<>c__DisplayClassb.<BeginProcessRequest>b__5()
   在 System.Web.Mvc.Async.AsyncResultWrapper.<>c__DisplayClass1.<MakeVoidDelegate>b__0()
   在 System.Web.Mvc.MvcHandler.<>c__DisplayClasse.<EndProcessRequest>b__d()
   在 System.Web.HttpApplication.CallHandlerExecutionStep.System.Web.HttpApplication.IExecutionStep.Execute()
   在 System.Web.HttpApplication.ExecuteStep(IExecutionStep step, Boolean& completedSynchronously)

2017-05-24 09:57:54.9669|1.0.11.0|ERROR|TTCMS.MvcApplication|
信息编号：3e5af27e-4d30-48eb-b808-bdb75a603227
用户主机：192.168.80.54
用户代理：Mozilla/5.0 (Windows NT 6.1; WOW64) AppleWebKit/537.36 (KHTML, like Gecko) Chrome/49.0.2623.112 Safari/537.36
记录时间：2017-05-24 09:57:54
网络代码：500
来源网址：http://192.168.80.54:8081/photo
当前网址：GET - http://192.168.80.54:8081/conMessage
信息详情：节已定义:“js”。
代码追踪：   在 System.Web.WebPages.WebPageBase.DefineSection(String name, SectionWriter action)
   在 ASP._Page_Views_Template_conMessage_cshtml.Execute() 位置 e:\TTCMS\Views\Template\conMessage.cshtml:行号 26
   在 System.Web.WebPages.WebPageBase.ExecutePageHierarchy()
   在 System.Web.Mvc.WebViewPage.ExecutePageHierarchy()
   在 System.Web.WebPages.StartPage.ExecutePageHierarchy()
   在 System.Web.WebPages.WebPageBase.ExecutePageHierarchy(WebPageContext pageContext, TextWriter writer, WebPageRenderingBase startPage)
   在 System.Web.Mvc.ViewResultBase.ExecuteResult(ControllerContext context)
   在 System.Web.Mvc.ControllerActionInvoker.<>c__DisplayClass1c.<InvokeActionResultWithFilters>b__19()
   在 System.Web.Mvc.ControllerActionInvoker.InvokeActionResultFilter(IResultFilter filter, ResultExecutingContext preContext, Func`1 continuation)
   在 System.Web.Mvc.ControllerActionInvoker.InvokeActionResultWithFilters(ControllerContext controllerContext, IList`1 filters, ActionResult actionResult)
   在 System.Web.Mvc.ControllerActionInvoker.InvokeAction(ControllerContext controllerContext, String actionName)
   在 System.Web.Mvc.Controller.ExecuteCore()
   在 System.Web.Mvc.ControllerBase.Execute(RequestContext requestContext)
   在 System.Web.Mvc.MvcHandler.<>c__DisplayClass6.<>c__DisplayClassb.<BeginProcessRequest>b__5()
   在 System.Web.Mvc.Async.AsyncResultWrapper.<>c__DisplayClass1.<MakeVoidDelegate>b__0()
   在 System.Web.Mvc.MvcHandler.<>c__DisplayClasse.<EndProcessRequest>b__d()
   在 System.Web.HttpApplication.CallHandlerExecutionStep.System.Web.HttpApplication.IExecutionStep.Execute()
   在 System.Web.HttpApplication.ExecuteStep(IExecutionStep step, Boolean& completedSynchronously)

2017-05-24 13:55:11.7518|1.0.11.0|ERROR|TTCMS.MvcApplication|
信息编号：ad80a8a7-f14f-4186-829b-d1b72f1930b6
用户主机：192.168.80.54
用户代理：Mozilla/5.0 (Windows NT 6.1; WOW64) AppleWebKit/537.36 (KHTML, like Gecko) Chrome/49.0.2623.112 Safari/537.36
记录时间：2017-05-24 13:55:11
网络代码：500
来源网址：http://192.168.80.54:8081/conJob
当前网址：GET - http://192.168.80.54:8081/conMessage
信息详情：节已定义:“js”。
代码追踪：   在 System.Web.WebPages.WebPageBase.DefineSection(String name, SectionWriter action)
   在 ASP._Page_Views_Template_conMessage_cshtml.Execute() 位置 e:\TTCMS\Views\Template\conMessage.cshtml:行号 26
   在 System.Web.WebPages.WebPageBase.ExecutePageHierarchy()
   在 System.Web.Mvc.WebViewPage.ExecutePageHierarchy()
   在 System.Web.WebPages.StartPage.ExecutePageHierarchy()
   在 System.Web.WebPages.WebPageBase.ExecutePageHierarchy(WebPageContext pageContext, TextWriter writer, WebPageRenderingBase startPage)
   在 System.Web.Mvc.ViewResultBase.ExecuteResult(ControllerContext context)
   在 System.Web.Mvc.ControllerActionInvoker.<>c__DisplayClass1c.<InvokeActionResultWithFilters>b__19()
   在 System.Web.Mvc.ControllerActionInvoker.InvokeActionResultFilter(IResultFilter filter, ResultExecutingContext preContext, Func`1 continuation)
   在 System.Web.Mvc.ControllerActionInvoker.InvokeActionResultWithFilters(ControllerContext controllerContext, IList`1 filters, ActionResult actionResult)
   在 System.Web.Mvc.ControllerActionInvoker.InvokeAction(ControllerContext controllerContext, String actionName)
   在 System.Web.Mvc.Controller.ExecuteCore()
   在 System.Web.Mvc.ControllerBase.Execute(RequestContext requestContext)
   在 System.Web.Mvc.MvcHandler.<>c__DisplayClass6.<>c__DisplayClassb.<BeginProcessRequest>b__5()
   在 System.Web.Mvc.Async.AsyncResultWrapper.<>c__DisplayClass1.<MakeVoidDelegate>b__0()
   在 System.Web.Mvc.MvcHandler.<>c__DisplayClasse.<EndProcessRequest>b__d()
   在 System.Web.HttpApplication.CallHandlerExecutionStep.System.Web.HttpApplication.IExecutionStep.Execute()
   在 System.Web.HttpApplication.ExecuteStep(IExecutionStep step, Boolean& completedSynchronously)

2017-05-24 14:31:40.5753|1.0.11.0|ERROR|TTCMS.MvcApplication|
信息编号：42ede2be-1867-44d3-9eb9-aa784823f39a
用户主机：192.168.80.54
用户代理：Mozilla/5.0 (Windows NT 6.1; WOW64) AppleWebKit/537.36 (KHTML, like Gecko) Chrome/49.0.2623.112 Safari/537.36
记录时间：2017-05-24 14:31:40
来源网址：http://192.168.80.54:8081/proferty/4218
当前网址：GET - http://192.168.80.54:8081/conJob
信息详情：“WebSite_NewsSimplyInfo”未包含“pulishtime”的定义
代码追踪：   在 CallSite.Target(Closure , CallSite , Object )
   在 System.Dynamic.UpdateDelegates.UpdateAndExecute1[T0,TRet](CallSite site, T0 arg0)
   在 ASP._Page_Views_Template_conJob_cshtml.Execute() 位置 e:\TTCMS\Views\Template\conJob.cshtml:行号 54
   在 System.Web.WebPages.WebPageBase.ExecutePageHierarchy()
   在 System.Web.Mvc.WebViewPage.ExecutePageHierarchy()
   在 System.Web.WebPages.StartPage.ExecutePageHierarchy()
   在 System.Web.WebPages.WebPageBase.ExecutePageHierarchy(WebPageContext pageContext, TextWriter writer, WebPageRenderingBase startPage)
   在 System.Web.Mvc.ViewResultBase.ExecuteResult(ControllerContext context)
   在 System.Web.Mvc.ControllerActionInvoker.<>c__DisplayClass1c.<InvokeActionResultWithFilters>b__19()
   在 System.Web.Mvc.ControllerActionInvoker.InvokeActionResultFilter(IResultFilter filter, ResultExecutingContext preContext, Func`1 continuation)
   在 System.Web.Mvc.ControllerActionInvoker.InvokeActionResultWithFilters(ControllerContext controllerContext, IList`1 filters, ActionResult actionResult)
   在 System.Web.Mvc.ControllerActionInvoker.InvokeAction(ControllerContext controllerContext, String actionName)
   在 System.Web.Mvc.Controller.ExecuteCore()
   在 System.Web.Mvc.ControllerBase.Execute(RequestContext requestContext)
   在 System.Web.Mvc.MvcHandler.<>c__DisplayClass6.<>c__DisplayClassb.<BeginProcessRequest>b__5()
   在 System.Web.Mvc.Async.AsyncResultWrapper.<>c__DisplayClass1.<MakeVoidDelegate>b__0()
   在 System.Web.Mvc.MvcHandler.<>c__DisplayClasse.<EndProcessRequest>b__d()
   在 System.Web.HttpApplication.CallHandlerExecutionStep.System.Web.HttpApplication.IExecutionStep.Execute()
   在 System.Web.HttpApplication.ExecuteStep(IExecutionStep step, Boolean& completedSynchronously)

2017-05-24 15:18:46.2916|1.0.11.0|ERROR|TTCMS.MvcApplication|
信息编号：ee35ba2b-8aea-40ef-b697-6df52f690eab
用户主机：192.168.80.54
用户代理：Mozilla/5.0 (Windows NT 6.1; WOW64) AppleWebKit/537.36 (KHTML, like Gecko) Chrome/49.0.2623.112 Safari/537.36
记录时间：2017-05-24 15:18:46
来源网址：http://192.168.80.54:8081/conJob
当前网址：GET - http://192.168.80.54:8081/conJobDetail/69331
信息详情：“WebSite_NewsSimplyInfo”未包含“time”的定义
代码追踪：   在 CallSite.Target(Closure , CallSite , Object )
   在 System.Dynamic.UpdateDelegates.UpdateAndExecute1[T0,TRet](CallSite site, T0 arg0)
   在 ASP._Page_Views_Template_conJobDetail_cshtml.Execute() 位置 e:\TTCMS\Views\Template\conJobDetail.cshtml:行号 36
   在 System.Web.WebPages.WebPageBase.ExecutePageHierarchy()
   在 System.Web.Mvc.WebViewPage.ExecutePageHierarchy()
   在 System.Web.WebPages.StartPage.ExecutePageHierarchy()
   在 System.Web.WebPages.WebPageBase.ExecutePageHierarchy(WebPageContext pageContext, TextWriter writer, WebPageRenderingBase startPage)
   在 System.Web.Mvc.ViewResultBase.ExecuteResult(ControllerContext context)
   在 System.Web.Mvc.ControllerActionInvoker.<>c__DisplayClass1c.<InvokeActionResultWithFilters>b__19()
   在 System.Web.Mvc.ControllerActionInvoker.InvokeActionResultFilter(IResultFilter filter, ResultExecutingContext preContext, Func`1 continuation)
   在 System.Web.Mvc.ControllerActionInvoker.InvokeActionResultWithFilters(ControllerContext controllerContext, IList`1 filters, ActionResult actionResult)
   在 System.Web.Mvc.ControllerActionInvoker.InvokeAction(ControllerContext controllerContext, String actionName)
   在 System.Web.Mvc.Controller.ExecuteCore()
   在 System.Web.Mvc.ControllerBase.Execute(RequestContext requestContext)
   在 System.Web.Mvc.MvcHandler.<>c__DisplayClass6.<>c__DisplayClassb.<BeginProcessRequest>b__5()
   在 System.Web.Mvc.Async.AsyncResultWrapper.<>c__DisplayClass1.<MakeVoidDelegate>b__0()
   在 System.Web.Mvc.MvcHandler.<>c__DisplayClasse.<EndProcessRequest>b__d()
   在 System.Web.HttpApplication.CallHandlerExecutionStep.System.Web.HttpApplication.IExecutionStep.Execute()
   在 System.Web.HttpApplication.ExecuteStep(IExecutionStep step, Boolean& completedSynchronously)

2017-05-24 16:09:07.2928|1.0.11.0|ERROR|TTCMS.MvcApplication|
信息编号：c70f0686-2794-42ad-bed7-6c93dafffb4a
用户主机：192.168.80.54
用户代理：Mozilla/5.0 (Windows NT 6.1; WOW64) AppleWebKit/537.36 (KHTML, like Gecko) Chrome/49.0.2623.112 Safari/537.36
记录时间：2017-05-24 16:09:07
来源网址：http://192.168.80.54:8081/conJob
当前网址：GET - http://192.168.80.54:8081/conJobDetail/69331
信息详情：“WebSite_NewsSimplyInfo”未包含“time”的定义
代码追踪：   在 CallSite.Target(Closure , CallSite , Object )
   在 System.Dynamic.UpdateDelegates.UpdateAndExecute1[T0,TRet](CallSite site, T0 arg0)
   在 ASP._Page_Views_Template_conJobDetail_cshtml.Execute() 位置 e:\TTCMS\Views\Template\conJobDetail.cshtml:行号 36
   在 System.Web.WebPages.WebPageBase.ExecutePageHierarchy()
   在 System.Web.Mvc.WebViewPage.ExecutePageHierarchy()
   在 System.Web.WebPages.StartPage.ExecutePageHierarchy()
   在 System.Web.WebPages.WebPageBase.ExecutePageHierarchy(WebPageContext pageContext, TextWriter writer, WebPageRenderingBase startPage)
   在 System.Web.Mvc.ViewResultBase.ExecuteResult(ControllerContext context)
   在 System.Web.Mvc.ControllerActionInvoker.<>c__DisplayClass1c.<InvokeActionResultWithFilters>b__19()
   在 System.Web.Mvc.ControllerActionInvoker.InvokeActionResultFilter(IResultFilter filter, ResultExecutingContext preContext, Func`1 continuation)
   在 System.Web.Mvc.ControllerActionInvoker.InvokeActionResultWithFilters(ControllerContext controllerContext, IList`1 filters, ActionResult actionResult)
   在 System.Web.Mvc.ControllerActionInvoker.InvokeAction(ControllerContext controllerContext, String actionName)
   在 System.Web.Mvc.Controller.ExecuteCore()
   在 System.Web.Mvc.ControllerBase.Execute(RequestContext requestContext)
   在 System.Web.Mvc.MvcHandler.<>c__DisplayClass6.<>c__DisplayClassb.<BeginProcessRequest>b__5()
   在 System.Web.Mvc.Async.AsyncResultWrapper.<>c__DisplayClass1.<MakeVoidDelegate>b__0()
   在 System.Web.Mvc.MvcHandler.<>c__DisplayClasse.<EndProcessRequest>b__d()
   在 System.Web.HttpApplication.CallHandlerExecutionStep.System.Web.HttpApplication.IExecutionStep.Execute()
   在 System.Web.HttpApplication.ExecuteStep(IExecutionStep step, Boolean& completedSynchronously)

2017-05-24 16:10:07.7148|1.0.11.0|ERROR|TTCMS.MvcApplication|
信息编号：d954c76d-094c-4a90-a809-efb94c57f59e
用户主机：192.168.80.54
用户代理：Mozilla/5.0 (Windows NT 6.1; WOW64) AppleWebKit/537.36 (KHTML, like Gecko) Chrome/49.0.2623.112 Safari/537.36
记录时间：2017-05-24 16:10:07
网络代码：500
来源网址：http://192.168.80.54:8081/conJob
当前网址：GET - http://192.168.80.54:8081/conJobDetail/69331
信息详情：e:\TTCMS\Views\Template\conJobDetail.cshtml(36): error CS0103: 当前上下文中不存在名称“item”
代码追踪：   在 System.Web.Compilation.AssemblyBuilder.Compile()
   在 System.Web.Compilation.BuildProvidersCompiler.PerformBuild()
   在 System.Web.Compilation.BuildManager.CompileWebFile(VirtualPath virtualPath)
   在 System.Web.Compilation.BuildManager.GetVPathBuildResultInternal(VirtualPath virtualPath, Boolean noBuild, Boolean allowCrossApp, Boolean allowBuildInPrecompile, Boolean throwIfNotFound, Boolean ensureIsUpToDate)
   在 System.Web.Compilation.BuildManager.GetVPathBuildResultWithNoAssert(HttpContext context, VirtualPath virtualPath, Boolean noBuild, Boolean allowCrossApp, Boolean allowBuildInPrecompile, Boolean throwIfNotFound, Boolean ensureIsUpToDate)
   在 System.Web.Compilation.BuildManager.GetObjectFactory(String virtualPath, Boolean throwIfNotFound)
   在 System.Web.Mvc.BuildManagerWrapper.System.Web.Mvc.IBuildManager.FileExists(String virtualPath)
   在 System.Web.Mvc.VirtualPathProviderViewEngine.GetPathFromGeneralName(ControllerContext controllerContext, List`1 locations, String name, String controllerName, String areaName, String cacheKey, String[]& searchedLocations)
   在 System.Web.Mvc.VirtualPathProviderViewEngine.GetPath(ControllerContext controllerContext, String[] locations, String[] areaLocations, String locationsPropertyName, String name, String controllerName, String cacheKeyPrefix, Boolean useCache, String[]& searchedLocations)
   在 System.Web.Mvc.VirtualPathProviderViewEngine.FindView(ControllerContext controllerContext, String viewName, String masterName, Boolean useCache)
   在 System.Web.Mvc.ViewEngineCollection.<>c__DisplayClassc.<FindView>b__b(IViewEngine e)
   在 System.Web.Mvc.ViewEngineCollection.Find(Func`2 lookup, Boolean trackSearchedPaths)
   在 System.Web.Mvc.ViewResult.FindView(ControllerContext context)
   在 System.Web.Mvc.ViewResultBase.ExecuteResult(ControllerContext context)
   在 System.Web.Mvc.ControllerActionInvoker.<>c__DisplayClass1c.<InvokeActionResultWithFilters>b__19()
   在 System.Web.Mvc.ControllerActionInvoker.InvokeActionResultFilter(IResultFilter filter, ResultExecutingContext preContext, Func`1 continuation)
   在 System.Web.Mvc.ControllerActionInvoker.InvokeActionResultWithFilters(ControllerContext controllerContext, IList`1 filters, ActionResult actionResult)
   在 System.Web.Mvc.ControllerActionInvoker.InvokeAction(ControllerContext controllerContext, String actionName)
   在 System.Web.Mvc.Controller.ExecuteCore()
   在 System.Web.Mvc.ControllerBase.Execute(RequestContext requestContext)
   在 System.Web.Mvc.MvcHandler.<>c__DisplayClass6.<>c__DisplayClassb.<BeginProcessRequest>b__5()
   在 System.Web.Mvc.Async.AsyncResultWrapper.<>c__DisplayClass1.<MakeVoidDelegate>b__0()
   在 System.Web.Mvc.MvcHandler.<>c__DisplayClasse.<EndProcessRequest>b__d()
   在 System.Web.HttpApplication.CallHandlerExecutionStep.System.Web.HttpApplication.IExecutionStep.Execute()
   在 System.Web.HttpApplication.ExecuteStep(IExecutionStep step, Boolean& completedSynchronously)

2017-05-24 17:36:42.0112|1.0.11.0|ERROR|TTCMS.MvcApplication|
信息编号：27029064-0853-4478-bfd8-0dff910e2cbe
用户主机：192.168.80.54
用户代理：Mozilla/5.0 (Windows NT 6.1; WOW64) AppleWebKit/537.36 (KHTML, like Gecko) Chrome/49.0.2623.112 Safari/537.36
记录时间：2017-05-24 17:36:42
网络代码：500
来源网址：http://192.168.80.54:8081/cpyGroup
当前网址：GET - http://192.168.80.54:8081/conJob
信息详情：节已定义:“css”。
代码追踪：   在 System.Web.WebPages.WebPageBase.DefineSection(String name, SectionWriter action)
   在 ASP._Page_Views_Template_conJob_cshtml.Execute() 位置 e:\TTCMS\Views\Template\conJob.cshtml:行号 41
   在 System.Web.WebPages.WebPageBase.ExecutePageHierarchy()
   在 System.Web.Mvc.WebViewPage.ExecutePageHierarchy()
   在 System.Web.WebPages.StartPage.ExecutePageHierarchy()
   在 System.Web.WebPages.WebPageBase.ExecutePageHierarchy(WebPageContext pageContext, TextWriter writer, WebPageRenderingBase startPage)
   在 System.Web.Mvc.ViewResultBase.ExecuteResult(ControllerContext context)
   在 System.Web.Mvc.ControllerActionInvoker.<>c__DisplayClass1c.<InvokeActionResultWithFilters>b__19()
   在 System.Web.Mvc.ControllerActionInvoker.InvokeActionResultFilter(IResultFilter filter, ResultExecutingContext preContext, Func`1 continuation)
   在 System.Web.Mvc.ControllerActionInvoker.InvokeActionResultWithFilters(ControllerContext controllerContext, IList`1 filters, ActionResult actionResult)
   在 System.Web.Mvc.ControllerActionInvoker.InvokeAction(ControllerContext controllerContext, String actionName)
   在 System.Web.Mvc.Controller.ExecuteCore()
   在 System.Web.Mvc.ControllerBase.Execute(RequestContext requestContext)
   在 System.Web.Mvc.MvcHandler.<>c__DisplayClass6.<>c__DisplayClassb.<BeginProcessRequest>b__5()
   在 System.Web.Mvc.Async.AsyncResultWrapper.<>c__DisplayClass1.<MakeVoidDelegate>b__0()
   在 System.Web.HttpApplication.CallHandlerExecutionStep.System.Web.HttpApplication.IExecutionStep.Execute()
   在 System.Web.HttpApplication.ExecuteStep(IExecutionStep step, Boolean& completedSynchronously)

2017-05-24 17:36:42.0112|1.0.11.0|ERROR|TTCMS.MvcApplication|
信息编号：0164235c-f4cf-468a-87c9-e601d62a1207
用户主机：192.168.80.54
用户代理：Mozilla/5.0 (Windows NT 6.1; WOW64) AppleWebKit/537.36 (KHTML, like Gecko) Chrome/49.0.2623.112 Safari/537.36
记录时间：2017-05-24 17:36:42
网络代码：500
来源网址：http://192.168.80.54:8081/cpyGroup
当前网址：GET - http://192.168.80.54:8081/conJob
信息详情：节已定义:“css”。
代码追踪：   在 System.Web.WebPages.WebPageBase.DefineSection(String name, SectionWriter action)
   在 ASP._Page_Views_Template_conJob_cshtml.Execute() 位置 e:\TTCMS\Views\Template\conJob.cshtml:行号 41
   在 System.Web.WebPages.WebPageBase.ExecutePageHierarchy()
   在 System.Web.Mvc.WebViewPage.ExecutePageHierarchy()
   在 System.Web.WebPages.StartPage.ExecutePageHierarchy()
   在 System.Web.WebPages.WebPageBase.ExecutePageHierarchy(WebPageContext pageContext, TextWriter writer, WebPageRenderingBase startPage)
   在 System.Web.Mvc.ViewResultBase.ExecuteResult(ControllerContext context)
   在 System.Web.Mvc.ControllerActionInvoker.<>c__DisplayClass1c.<InvokeActionResultWithFilters>b__19()
   在 System.Web.Mvc.ControllerActionInvoker.InvokeActionResultFilter(IResultFilter filter, ResultExecutingContext preContext, Func`1 continuation)
   在 System.Web.Mvc.ControllerActionInvoker.InvokeActionResultWithFilters(ControllerContext controllerContext, IList`1 filters, ActionResult actionResult)
   在 System.Web.Mvc.ControllerActionInvoker.InvokeAction(ControllerContext controllerContext, String actionName)
   在 System.Web.Mvc.Controller.ExecuteCore()
   在 System.Web.Mvc.ControllerBase.Execute(RequestContext requestContext)
   在 System.Web.Mvc.MvcHandler.<>c__DisplayClass6.<>c__DisplayClassb.<BeginProcessRequest>b__5()
   在 System.Web.Mvc.Async.AsyncResultWrapper.<>c__DisplayClass1.<MakeVoidDelegate>b__0()
   在 System.Web.HttpApplication.CallHandlerExecutionStep.System.Web.HttpApplication.IExecutionStep.Execute()
   在 System.Web.HttpApplication.ExecuteStep(IExecutionStep step, Boolean& completedSynchronously)

2017-05-24 17:36:48.0666|1.0.11.0|ERROR|TTCMS.MvcApplication|
信息编号：ce59c8a4-b9d8-401c-bac9-3e9b62df5f38
用户主机：192.168.80.54
用户代理：Mozilla/5.0 (Windows NT 6.1; WOW64) AppleWebKit/537.36 (KHTML, like Gecko) Chrome/49.0.2623.112 Safari/537.36
记录时间：2017-05-24 17:36:48
网络代码：500
来源网址：http://192.168.80.54:8081/conMessage
当前网址：GET - http://192.168.80.54:8081/conJob
信息详情：节已定义:“css”。
代码追踪：   在 System.Web.WebPages.WebPageBase.DefineSection(String name, SectionWriter action)
   在 ASP._Page_Views_Template_conJob_cshtml.Execute() 位置 e:\TTCMS\Views\Template\conJob.cshtml:行号 41
   在 System.Web.WebPages.WebPageBase.ExecutePageHierarchy()
   在 System.Web.Mvc.WebViewPage.ExecutePageHierarchy()
   在 System.Web.WebPages.StartPage.ExecutePageHierarchy()
   在 System.Web.WebPages.WebPageBase.ExecutePageHierarchy(WebPageContext pageContext, TextWriter writer, WebPageRenderingBase startPage)
   在 System.Web.Mvc.ViewResultBase.ExecuteResult(ControllerContext context)
   在 System.Web.Mvc.ControllerActionInvoker.<>c__DisplayClass1c.<InvokeActionResultWithFilters>b__19()
   在 System.Web.Mvc.ControllerActionInvoker.InvokeActionResultFilter(IResultFilter filter, ResultExecutingContext preContext, Func`1 continuation)
   在 System.Web.Mvc.ControllerActionInvoker.InvokeActionResultWithFilters(ControllerContext controllerContext, IList`1 filters, ActionResult actionResult)
   在 System.Web.Mvc.ControllerActionInvoker.InvokeAction(ControllerContext controllerContext, String actionName)
   在 System.Web.Mvc.Controller.ExecuteCore()
   在 System.Web.Mvc.ControllerBase.Execute(RequestContext requestContext)
   在 System.Web.Mvc.MvcHandler.<>c__DisplayClass6.<>c__DisplayClassb.<BeginProcessRequest>b__5()
   在 System.Web.Mvc.Async.AsyncResultWrapper.<>c__DisplayClass1.<MakeVoidDelegate>b__0()
   在 System.Web.HttpApplication.CallHandlerExecutionStep.System.Web.HttpApplication.IExecutionStep.Execute()
   在 System.Web.HttpApplication.ExecuteStep(IExecutionStep step, Boolean& completedSynchronously)

2017-05-24 17:36:52.5961|1.0.11.0|ERROR|TTCMS.MvcApplication|
信息编号：d1703e96-c219-4a94-b202-cceb09c73513
用户主机：192.168.80.54
用户代理：Mozilla/5.0 (Windows NT 6.1; WOW64) AppleWebKit/537.36 (KHTML, like Gecko) Chrome/49.0.2623.112 Safari/537.36
记录时间：2017-05-24 17:36:52
网络代码：500
来源网址：http://192.168.80.54:8081/conStyle
当前网址：GET - http://192.168.80.54:8081/conJob
信息详情：节已定义:“css”。
代码追踪：   在 System.Web.WebPages.WebPageBase.DefineSection(String name, SectionWriter action)
   在 ASP._Page_Views_Template_conJob_cshtml.Execute() 位置 e:\TTCMS\Views\Template\conJob.cshtml:行号 41
   在 System.Web.WebPages.WebPageBase.ExecutePageHierarchy()
   在 System.Web.Mvc.WebViewPage.ExecutePageHierarchy()
   在 System.Web.WebPages.StartPage.ExecutePageHierarchy()
   在 System.Web.WebPages.WebPageBase.ExecutePageHierarchy(WebPageContext pageContext, TextWriter writer, WebPageRenderingBase startPage)
   在 System.Web.Mvc.ViewResultBase.ExecuteResult(ControllerContext context)
   在 System.Web.Mvc.ControllerActionInvoker.<>c__DisplayClass1c.<InvokeActionResultWithFilters>b__19()
   在 System.Web.Mvc.ControllerActionInvoker.InvokeActionResultFilter(IResultFilter filter, ResultExecutingContext preContext, Func`1 continuation)
   在 System.Web.Mvc.ControllerActionInvoker.InvokeActionResultWithFilters(ControllerContext controllerContext, IList`1 filters, ActionResult actionResult)
   在 System.Web.Mvc.ControllerActionInvoker.InvokeAction(ControllerContext controllerContext, String actionName)
   在 System.Web.Mvc.Controller.ExecuteCore()
   在 System.Web.Mvc.ControllerBase.Execute(RequestContext requestContext)
   在 System.Web.Mvc.MvcHandler.<>c__DisplayClass6.<>c__DisplayClassb.<BeginProcessRequest>b__5()
   在 System.Web.Mvc.Async.AsyncResultWrapper.<>c__DisplayClass1.<MakeVoidDelegate>b__0()
   在 System.Web.HttpApplication.CallHandlerExecutionStep.System.Web.HttpApplication.IExecutionStep.Execute()
   在 System.Web.HttpApplication.ExecuteStep(IExecutionStep step, Boolean& completedSynchronously)

2017-05-24 17:37:17.2714|1.0.11.0|ERROR|TTCMS.MvcApplication|
信息编号：1bd9a946-fceb-434d-b051-abffa21d7698
用户主机：192.168.80.54
用户代理：Mozilla/5.0 (Windows NT 6.1; WOW64) AppleWebKit/537.36 (KHTML, like Gecko) Chrome/49.0.2623.112 Safari/537.36
记录时间：2017-05-24 17:37:17
网络代码：500
来源网址：http://192.168.80.54:8081/conStyle
当前网址：GET - http://192.168.80.54:8081/conJob
信息详情：节已定义:“css”。
代码追踪：   在 System.Web.WebPages.WebPageBase.DefineSection(String name, SectionWriter action)
   在 ASP._Page_Views_Template_conJob_cshtml.Execute() 位置 e:\TTCMS\Views\Template\conJob.cshtml:行号 41
   在 System.Web.WebPages.WebPageBase.ExecutePageHierarchy()
   在 System.Web.Mvc.WebViewPage.ExecutePageHierarchy()
   在 System.Web.WebPages.StartPage.ExecutePageHierarchy()
   在 System.Web.WebPages.WebPageBase.ExecutePageHierarchy(WebPageContext pageContext, TextWriter writer, WebPageRenderingBase startPage)
   在 System.Web.Mvc.ViewResultBase.ExecuteResult(ControllerContext context)
   在 System.Web.Mvc.ControllerActionInvoker.<>c__DisplayClass1c.<InvokeActionResultWithFilters>b__19()
   在 System.Web.Mvc.ControllerActionInvoker.InvokeActionResultFilter(IResultFilter filter, ResultExecutingContext preContext, Func`1 continuation)
   在 System.Web.Mvc.ControllerActionInvoker.InvokeActionResultWithFilters(ControllerContext controllerContext, IList`1 filters, ActionResult actionResult)
   在 System.Web.Mvc.ControllerActionInvoker.InvokeAction(ControllerContext controllerContext, String actionName)
   在 System.Web.Mvc.Controller.ExecuteCore()
   在 System.Web.Mvc.ControllerBase.Execute(RequestContext requestContext)
   在 System.Web.Mvc.MvcHandler.<>c__DisplayClass6.<>c__DisplayClassb.<BeginProcessRequest>b__5()
   在 System.Web.Mvc.Async.AsyncResultWrapper.<>c__DisplayClass1.<MakeVoidDelegate>b__0()
   在 System.Web.HttpApplication.CallHandlerExecutionStep.System.Web.HttpApplication.IExecutionStep.Execute()
   在 System.Web.HttpApplication.ExecuteStep(IExecutionStep step, Boolean& completedSynchronously)

2017-05-24 17:42:52.4714|1.0.11.0|ERROR|TTCMS.MvcApplication|
信息编号：2e3daab6-7a02-4bc1-88de-93fb425b6463
用户主机：192.168.80.54
用户代理：Mozilla/5.0 (Windows NT 6.1; WOW64) AppleWebKit/537.36 (KHTML, like Gecko) Chrome/49.0.2623.112 Safari/537.36
记录时间：2017-05-24 17:42:52
网络代码：500
来源网址：http://192.168.80.54:8081/conStyle
当前网址：GET - http://192.168.80.54:8081/conJob
信息详情：节已定义:“css”。
代码追踪：   在 System.Web.WebPages.WebPageBase.DefineSection(String name, SectionWriter action)
   在 ASP._Page_Views_Template_conJob_cshtml.Execute() 位置 e:\TTCMS\Views\Template\conJob.cshtml:行号 41
   在 System.Web.WebPages.WebPageBase.ExecutePageHierarchy()
   在 System.Web.Mvc.WebViewPage.ExecutePageHierarchy()
   在 System.Web.WebPages.StartPage.ExecutePageHierarchy()
   在 System.Web.WebPages.WebPageBase.ExecutePageHierarchy(WebPageContext pageContext, TextWriter writer, WebPageRenderingBase startPage)
   在 System.Web.Mvc.ViewResultBase.ExecuteResult(ControllerContext context)
   在 System.Web.Mvc.ControllerActionInvoker.<>c__DisplayClass1c.<InvokeActionResultWithFilters>b__19()
   在 System.Web.Mvc.ControllerActionInvoker.InvokeActionResultFilter(IResultFilter filter, ResultExecutingContext preContext, Func`1 continuation)
   在 System.Web.Mvc.ControllerActionInvoker.InvokeActionResultWithFilters(ControllerContext controllerContext, IList`1 filters, ActionResult actionResult)
   在 System.Web.Mvc.ControllerActionInvoker.InvokeAction(ControllerContext controllerContext, String actionName)
   在 System.Web.Mvc.Controller.ExecuteCore()
   在 System.Web.Mvc.ControllerBase.Execute(RequestContext requestContext)
   在 System.Web.Mvc.MvcHandler.<>c__DisplayClass6.<>c__DisplayClassb.<BeginProcessRequest>b__5()
   在 System.Web.Mvc.Async.AsyncResultWrapper.<>c__DisplayClass1.<MakeVoidDelegate>b__0()
   在 System.Web.HttpApplication.CallHandlerExecutionStep.System.Web.HttpApplication.IExecutionStep.Execute()
   在 System.Web.HttpApplication.ExecuteStep(IExecutionStep step, Boolean& completedSynchronously)

