2017-05-27 09:23:05.6941|1.0.11.0|ERROR|TTCMS.MvcApplication|
信息编号：252f9d82-d878-4568-ae20-407fc82dc4d3
用户主机：192.168.80.54
用户代理：Mozilla/5.0 (Windows NT 6.1; WOW64) AppleWebKit/537.36 (KHTML, like Gecko) Chrome/49.0.2623.112 Safari/537.36
记录时间：2017-05-27 09:23:05
来源网址：http://192.168.80.54:8081/qualifty/4195/1
当前网址：GET - http://192.168.80.54:8081/qualifty/4195/qualify
信息详情：输入字符串的格式不正确。
代码追踪：   在 System.Number.StringToNumber(String str, NumberStyles options, NumberBuffer& number, NumberFormatInfo info, Boolean parseDecimal)
   在 System.Number.ParseInt32(String s, NumberStyles style, NumberFormatInfo info)
   在 TTCMS.Controllers.TemplateController.Index(String viewname)
   在 lambda_method(Closure , ControllerBase , Object[] )
   在 System.Web.Mvc.ReflectedActionDescriptor.Execute(ControllerContext controllerContext, IDictionary`2 parameters)
   在 System.Web.Mvc.ControllerActionInvoker.InvokeActionMethod(ControllerContext controllerContext, ActionDescriptor actionDescriptor, IDictionary`2 parameters)
   在 System.Web.Mvc.ControllerActionInvoker.<>c__DisplayClass15.<InvokeActionMethodWithFilters>b__12()
   在 System.Web.Mvc.ControllerActionInvoker.InvokeActionMethodFilter(IActionFilter filter, ActionExecutingContext preContext, Func`1 continuation)
   在 System.Web.Mvc.ControllerActionInvoker.InvokeActionMethodWithFilters(ControllerContext controllerContext, IList`1 filters, ActionDescriptor actionDescriptor, IDictionary`2 parameters)
   在 System.Web.Mvc.ControllerActionInvoker.InvokeAction(ControllerContext controllerContext, String actionName)
   在 System.Web.Mvc.Controller.ExecuteCore()
   在 System.Web.Mvc.ControllerBase.Execute(RequestContext requestContext)
   在 System.Web.Mvc.MvcHandler.<>c__DisplayClass6.<>c__DisplayClassb.<BeginProcessRequest>b__5()
   在 System.Web.Mvc.Async.AsyncResultWrapper.<>c__DisplayClass1.<MakeVoidDelegate>b__0()
   在 System.Web.Mvc.MvcHandler.<>c__DisplayClasse.<EndProcessRequest>b__d()
   在 System.Web.HttpApplication.CallHandlerExecutionStep.System.Web.HttpApplication.IExecutionStep.Execute()
   在 System.Web.HttpApplication.ExecuteStep(IExecutionStep step, Boolean& completedSynchronously)

2017-05-27 09:28:54.6472|1.0.11.0|ERROR|TTCMS.MvcApplication|
信息编号：e4ddb4d3-956e-4956-81f8-866c20315c0f
用户主机：192.168.80.54
用户代理：Mozilla/5.0 (Windows NT 6.1; WOW64) AppleWebKit/537.36 (KHTML, like Gecko) Chrome/49.0.2623.112 Safari/537.36
记录时间：2017-05-27 09:28:54
来源网址：http://192.168.80.54:8081/caseList/4199/1
当前网址：GET - http://192.168.80.54:8081/caseList/4199/caseList
信息详情：输入字符串的格式不正确。
代码追踪：   在 System.Number.StringToNumber(String str, NumberStyles options, NumberBuffer& number, NumberFormatInfo info, Boolean parseDecimal)
   在 System.Number.ParseInt32(String s, NumberStyles style, NumberFormatInfo info)
   在 TTCMS.Controllers.TemplateController.Index(String viewname)
   在 lambda_method(Closure , ControllerBase , Object[] )
   在 System.Web.Mvc.ReflectedActionDescriptor.Execute(ControllerContext controllerContext, IDictionary`2 parameters)
   在 System.Web.Mvc.ControllerActionInvoker.InvokeActionMethod(ControllerContext controllerContext, ActionDescriptor actionDescriptor, IDictionary`2 parameters)
   在 System.Web.Mvc.ControllerActionInvoker.<>c__DisplayClass15.<InvokeActionMethodWithFilters>b__12()
   在 System.Web.Mvc.ControllerActionInvoker.InvokeActionMethodFilter(IActionFilter filter, ActionExecutingContext preContext, Func`1 continuation)
   在 System.Web.Mvc.ControllerActionInvoker.InvokeActionMethodWithFilters(ControllerContext controllerContext, IList`1 filters, ActionDescriptor actionDescriptor, IDictionary`2 parameters)
   在 System.Web.Mvc.ControllerActionInvoker.InvokeAction(ControllerContext controllerContext, String actionName)
   在 System.Web.Mvc.Controller.ExecuteCore()
   在 System.Web.Mvc.ControllerBase.Execute(RequestContext requestContext)
   在 System.Web.Mvc.MvcHandler.<>c__DisplayClass6.<>c__DisplayClassb.<BeginProcessRequest>b__5()
   在 System.Web.Mvc.Async.AsyncResultWrapper.<>c__DisplayClass1.<MakeVoidDelegate>b__0()
   在 System.Web.Mvc.MvcHandler.<>c__DisplayClasse.<EndProcessRequest>b__d()
   在 System.Web.HttpApplication.CallHandlerExecutionStep.System.Web.HttpApplication.IExecutionStep.Execute()
   在 System.Web.HttpApplication.ExecuteStep(IExecutionStep step, Boolean& completedSynchronously)

2017-05-27 09:28:57.9257|1.0.11.0|ERROR|TTCMS.MvcApplication|
信息编号：51149d9a-b690-4b6f-99b6-debd7574b4d5
用户主机：192.168.80.54
用户代理：Mozilla/5.0 (Windows NT 6.1; WOW64) AppleWebKit/537.36 (KHTML, like Gecko) Chrome/49.0.2623.112 Safari/537.36
记录时间：2017-05-27 09:28:57
来源网址：http://192.168.80.54:8081/caseList/4199/1
当前网址：GET - http://192.168.80.54:8081/caseList/4199/caseList
信息详情：输入字符串的格式不正确。
代码追踪：   在 System.Number.StringToNumber(String str, NumberStyles options, NumberBuffer& number, NumberFormatInfo info, Boolean parseDecimal)
   在 System.Number.ParseInt32(String s, NumberStyles style, NumberFormatInfo info)
   在 TTCMS.Controllers.TemplateController.Index(String viewname)
   在 lambda_method(Closure , ControllerBase , Object[] )
   在 System.Web.Mvc.ReflectedActionDescriptor.Execute(ControllerContext controllerContext, IDictionary`2 parameters)
   在 System.Web.Mvc.ControllerActionInvoker.InvokeActionMethod(ControllerContext controllerContext, ActionDescriptor actionDescriptor, IDictionary`2 parameters)
   在 System.Web.Mvc.ControllerActionInvoker.<>c__DisplayClass15.<InvokeActionMethodWithFilters>b__12()
   在 System.Web.Mvc.ControllerActionInvoker.InvokeActionMethodFilter(IActionFilter filter, ActionExecutingContext preContext, Func`1 continuation)
   在 System.Web.Mvc.ControllerActionInvoker.InvokeActionMethodWithFilters(ControllerContext controllerContext, IList`1 filters, ActionDescriptor actionDescriptor, IDictionary`2 parameters)
   在 System.Web.Mvc.ControllerActionInvoker.InvokeAction(ControllerContext controllerContext, String actionName)
   在 System.Web.Mvc.Controller.ExecuteCore()
   在 System.Web.Mvc.ControllerBase.Execute(RequestContext requestContext)
   在 System.Web.Mvc.MvcHandler.<>c__DisplayClass6.<>c__DisplayClassb.<BeginProcessRequest>b__5()
   在 System.Web.Mvc.Async.AsyncResultWrapper.<>c__DisplayClass1.<MakeVoidDelegate>b__0()
   在 System.Web.Mvc.MvcHandler.<>c__DisplayClasse.<EndProcessRequest>b__d()
   在 System.Web.HttpApplication.CallHandlerExecutionStep.System.Web.HttpApplication.IExecutionStep.Execute()
   在 System.Web.HttpApplication.ExecuteStep(IExecutionStep step, Boolean& completedSynchronously)

2017-05-27 09:29:02.3288|1.0.11.0|ERROR|TTCMS.MvcApplication|
信息编号：6ebb48e3-bbe6-4ad8-b54a-69c3ca951828
用户主机：192.168.80.54
用户代理：Mozilla/5.0 (Windows NT 6.1; WOW64) AppleWebKit/537.36 (KHTML, like Gecko) Chrome/49.0.2623.112 Safari/537.36
记录时间：2017-05-27 09:29:02
来源网址：http://192.168.80.54:8081/caseList/4199/1
当前网址：GET - http://192.168.80.54:8081/caseList/4199/qualifty
信息详情：输入字符串的格式不正确。
代码追踪：   在 System.Number.StringToNumber(String str, NumberStyles options, NumberBuffer& number, NumberFormatInfo info, Boolean parseDecimal)
   在 System.Number.ParseInt32(String s, NumberStyles style, NumberFormatInfo info)
   在 TTCMS.Controllers.TemplateController.Index(String viewname)
   在 lambda_method(Closure , ControllerBase , Object[] )
   在 System.Web.Mvc.ReflectedActionDescriptor.Execute(ControllerContext controllerContext, IDictionary`2 parameters)
   在 System.Web.Mvc.ControllerActionInvoker.InvokeActionMethod(ControllerContext controllerContext, ActionDescriptor actionDescriptor, IDictionary`2 parameters)
   在 System.Web.Mvc.ControllerActionInvoker.<>c__DisplayClass15.<InvokeActionMethodWithFilters>b__12()
   在 System.Web.Mvc.ControllerActionInvoker.InvokeActionMethodFilter(IActionFilter filter, ActionExecutingContext preContext, Func`1 continuation)
   在 System.Web.Mvc.ControllerActionInvoker.InvokeActionMethodWithFilters(ControllerContext controllerContext, IList`1 filters, ActionDescriptor actionDescriptor, IDictionary`2 parameters)
   在 System.Web.Mvc.ControllerActionInvoker.InvokeAction(ControllerContext controllerContext, String actionName)
   在 System.Web.Mvc.Controller.ExecuteCore()
   在 System.Web.Mvc.ControllerBase.Execute(RequestContext requestContext)
   在 System.Web.Mvc.MvcHandler.<>c__DisplayClass6.<>c__DisplayClassb.<BeginProcessRequest>b__5()
   在 System.Web.Mvc.Async.AsyncResultWrapper.<>c__DisplayClass1.<MakeVoidDelegate>b__0()
   在 System.Web.Mvc.MvcHandler.<>c__DisplayClasse.<EndProcessRequest>b__d()
   在 System.Web.HttpApplication.CallHandlerExecutionStep.System.Web.HttpApplication.IExecutionStep.Execute()
   在 System.Web.HttpApplication.ExecuteStep(IExecutionStep step, Boolean& completedSynchronously)

2017-05-27 15:00:51.9553|1.0.11.0|ERROR|TTCMS.MvcApplication|
信息编号：41d73a34-bd39-4676-b1f3-83ab103a0107
用户主机：192.168.80.54
用户代理：Mozilla/5.0 (Windows NT 6.1; WOW64) AppleWebKit/537.36 (KHTML, like Gecko) Chrome/49.0.2623.112 Safari/537.36
记录时间：2017-05-27 15:00:51
来源网址：http://192.168.80.54:8081/cpyQualifty/4197/1
当前网址：GET - http://192.168.80.54:8081/cpyQualifty/4197/conMessage
信息详情：输入字符串的格式不正确。
代码追踪：   在 System.Number.StringToNumber(String str, NumberStyles options, NumberBuffer& number, NumberFormatInfo info, Boolean parseDecimal)
   在 System.Number.ParseInt32(String s, NumberStyles style, NumberFormatInfo info)
   在 TTCMS.Controllers.TemplateController.Index(String viewname)
   在 lambda_method(Closure , ControllerBase , Object[] )
   在 System.Web.Mvc.ReflectedActionDescriptor.Execute(ControllerContext controllerContext, IDictionary`2 parameters)
   在 System.Web.Mvc.ControllerActionInvoker.InvokeActionMethod(ControllerContext controllerContext, ActionDescriptor actionDescriptor, IDictionary`2 parameters)
   在 System.Web.Mvc.ControllerActionInvoker.<>c__DisplayClass15.<InvokeActionMethodWithFilters>b__12()
   在 System.Web.Mvc.ControllerActionInvoker.InvokeActionMethodFilter(IActionFilter filter, ActionExecutingContext preContext, Func`1 continuation)
   在 System.Web.Mvc.ControllerActionInvoker.InvokeActionMethodWithFilters(ControllerContext controllerContext, IList`1 filters, ActionDescriptor actionDescriptor, IDictionary`2 parameters)
   在 System.Web.Mvc.ControllerActionInvoker.InvokeAction(ControllerContext controllerContext, String actionName)
   在 System.Web.Mvc.Controller.ExecuteCore()
   在 System.Web.Mvc.ControllerBase.Execute(RequestContext requestContext)
   在 System.Web.Mvc.MvcHandler.<>c__DisplayClass6.<>c__DisplayClassb.<BeginProcessRequest>b__5()
   在 System.Web.Mvc.Async.AsyncResultWrapper.<>c__DisplayClass1.<MakeVoidDelegate>b__0()
   在 System.Web.HttpApplication.CallHandlerExecutionStep.System.Web.HttpApplication.IExecutionStep.Execute()
   在 System.Web.HttpApplication.ExecuteStep(IExecutionStep step, Boolean& completedSynchronously)

2017-05-27 15:18:46.6218|1.0.11.0|ERROR|TTCMS.MvcApplication|
信息编号：fb869e5a-35bd-4da9-a0b3-e3398b67ea07
用户主机：192.168.80.54
用户代理：Mozilla/5.0 (Windows NT 6.1; WOW64) AppleWebKit/537.36 (KHTML, like Gecko) Chrome/49.0.2623.112 Safari/537.36
记录时间：2017-05-27 15:18:46
来源网址：http://192.168.80.54:8081/photo/1
当前网址：GET - http://192.168.80.54:8081/photo/aboutUs
信息详情：输入字符串的格式不正确。
代码追踪：   在 System.Number.StringToNumber(String str, NumberStyles options, NumberBuffer& number, NumberFormatInfo info, Boolean parseDecimal)
   在 System.Number.ParseInt32(String s, NumberStyles style, NumberFormatInfo info)
   在 TTCMS.Controllers.TemplateController.Index(String viewname)
   在 lambda_method(Closure , ControllerBase , Object[] )
   在 System.Web.Mvc.ReflectedActionDescriptor.Execute(ControllerContext controllerContext, IDictionary`2 parameters)
   在 System.Web.Mvc.ControllerActionInvoker.InvokeActionMethod(ControllerContext controllerContext, ActionDescriptor actionDescriptor, IDictionary`2 parameters)
   在 System.Web.Mvc.ControllerActionInvoker.<>c__DisplayClass15.<InvokeActionMethodWithFilters>b__12()
   在 System.Web.Mvc.ControllerActionInvoker.InvokeActionMethodFilter(IActionFilter filter, ActionExecutingContext preContext, Func`1 continuation)
   在 System.Web.Mvc.ControllerActionInvoker.InvokeActionMethodWithFilters(ControllerContext controllerContext, IList`1 filters, ActionDescriptor actionDescriptor, IDictionary`2 parameters)
   在 System.Web.Mvc.ControllerActionInvoker.InvokeAction(ControllerContext controllerContext, String actionName)
   在 System.Web.Mvc.Controller.ExecuteCore()
   在 System.Web.Mvc.ControllerBase.Execute(RequestContext requestContext)
   在 System.Web.Mvc.MvcHandler.<>c__DisplayClass6.<>c__DisplayClassb.<BeginProcessRequest>b__5()
   在 System.Web.Mvc.Async.AsyncResultWrapper.<>c__DisplayClass1.<MakeVoidDelegate>b__0()
   在 System.Web.HttpApplication.CallHandlerExecutionStep.System.Web.HttpApplication.IExecutionStep.Execute()
   在 System.Web.HttpApplication.ExecuteStep(IExecutionStep step, Boolean& completedSynchronously)

2017-05-27 15:55:03.9443|1.0.11.0|ERROR|TTCMS.MvcApplication|
信息编号：10fbb7b6-d17a-4599-a038-486ad59d862c
用户主机：192.168.80.54
用户代理：Mozilla/5.0 (Windows NT 6.1; WOW64) AppleWebKit/537.36 (KHTML, like Gecko) Chrome/49.0.2623.112 Safari/537.36
记录时间：2017-05-27 15:55:03
来源网址：http://192.168.80.54:8081/photo/
当前网址：GET - http://192.168.80.54:8081/photo/cpynews
信息详情：输入字符串的格式不正确。
代码追踪：   在 System.Number.StringToNumber(String str, NumberStyles options, NumberBuffer& number, NumberFormatInfo info, Boolean parseDecimal)
   在 System.Number.ParseInt32(String s, NumberStyles style, NumberFormatInfo info)
   在 TTCMS.Controllers.TemplateController.Index(String viewname)
   在 lambda_method(Closure , ControllerBase , Object[] )
   在 System.Web.Mvc.ReflectedActionDescriptor.Execute(ControllerContext controllerContext, IDictionary`2 parameters)
   在 System.Web.Mvc.ControllerActionInvoker.InvokeActionMethod(ControllerContext controllerContext, ActionDescriptor actionDescriptor, IDictionary`2 parameters)
   在 System.Web.Mvc.ControllerActionInvoker.<>c__DisplayClass15.<InvokeActionMethodWithFilters>b__12()
   在 System.Web.Mvc.ControllerActionInvoker.InvokeActionMethodFilter(IActionFilter filter, ActionExecutingContext preContext, Func`1 continuation)
   在 System.Web.Mvc.ControllerActionInvoker.InvokeActionMethodWithFilters(ControllerContext controllerContext, IList`1 filters, ActionDescriptor actionDescriptor, IDictionary`2 parameters)
   在 System.Web.Mvc.ControllerActionInvoker.InvokeAction(ControllerContext controllerContext, String actionName)
   在 System.Web.Mvc.Controller.ExecuteCore()
   在 System.Web.Mvc.ControllerBase.Execute(RequestContext requestContext)
   在 System.Web.Mvc.MvcHandler.<>c__DisplayClass6.<>c__DisplayClassb.<BeginProcessRequest>b__5()
   在 System.Web.Mvc.Async.AsyncResultWrapper.<>c__DisplayClass1.<MakeVoidDelegate>b__0()
   在 System.Web.Mvc.MvcHandler.<>c__DisplayClasse.<EndProcessRequest>b__d()
   在 System.Web.HttpApplication.CallHandlerExecutionStep.System.Web.HttpApplication.IExecutionStep.Execute()
   在 System.Web.HttpApplication.ExecuteStep(IExecutionStep step, Boolean& completedSynchronously)

2017-05-27 15:55:10.2747|1.0.11.0|ERROR|TTCMS.MvcApplication|
信息编号：9cf5bed0-3027-4661-b51f-ed1d3fd87fad
用户主机：192.168.80.54
用户代理：Mozilla/5.0 (Windows NT 6.1; WOW64) AppleWebKit/537.36 (KHTML, like Gecko) Chrome/49.0.2623.112 Safari/537.36
记录时间：2017-05-27 15:55:10
来源网址：http://192.168.80.54:8081/cpynews/1
当前网址：GET - http://192.168.80.54:8081/cpynews/cpynews
信息详情：输入字符串的格式不正确。
代码追踪：   在 System.Number.StringToNumber(String str, NumberStyles options, NumberBuffer& number, NumberFormatInfo info, Boolean parseDecimal)
   在 System.Number.ParseInt32(String s, NumberStyles style, NumberFormatInfo info)
   在 TTCMS.Controllers.TemplateController.Index(String viewname)
   在 lambda_method(Closure , ControllerBase , Object[] )
   在 System.Web.Mvc.ReflectedActionDescriptor.Execute(ControllerContext controllerContext, IDictionary`2 parameters)
   在 System.Web.Mvc.ControllerActionInvoker.InvokeActionMethod(ControllerContext controllerContext, ActionDescriptor actionDescriptor, IDictionary`2 parameters)
   在 System.Web.Mvc.ControllerActionInvoker.<>c__DisplayClass15.<InvokeActionMethodWithFilters>b__12()
   在 System.Web.Mvc.ControllerActionInvoker.InvokeActionMethodFilter(IActionFilter filter, ActionExecutingContext preContext, Func`1 continuation)
   在 System.Web.Mvc.ControllerActionInvoker.InvokeActionMethodWithFilters(ControllerContext controllerContext, IList`1 filters, ActionDescriptor actionDescriptor, IDictionary`2 parameters)
   在 System.Web.Mvc.ControllerActionInvoker.InvokeAction(ControllerContext controllerContext, String actionName)
   在 System.Web.Mvc.Controller.ExecuteCore()
   在 System.Web.Mvc.ControllerBase.Execute(RequestContext requestContext)
   在 System.Web.Mvc.MvcHandler.<>c__DisplayClass6.<>c__DisplayClassb.<BeginProcessRequest>b__5()
   在 System.Web.Mvc.Async.AsyncResultWrapper.<>c__DisplayClass1.<MakeVoidDelegate>b__0()
   在 System.Web.Mvc.MvcHandler.<>c__DisplayClasse.<EndProcessRequest>b__d()
   在 System.Web.HttpApplication.CallHandlerExecutionStep.System.Web.HttpApplication.IExecutionStep.Execute()
   在 System.Web.HttpApplication.ExecuteStep(IExecutionStep step, Boolean& completedSynchronously)

2017-05-27 17:13:02.2714|1.0.11.0|ERROR|TTCMS.MvcApplication|
信息编号：c4f10baa-27e5-4c5a-8092-94cd43cee6a2
用户主机：192.168.80.54
用户代理：Mozilla/5.0 (Windows NT 6.1; WOW64) AppleWebKit/537.36 (KHTML, like Gecko) Chrome/49.0.2623.112 Safari/537.36
记录时间：2017-05-27 17:13:02
来源网址：http://192.168.80.54:8081/proferty/4188/1
当前网址：GET - http://192.168.80.54:8081/proferty/4188/proferty
信息详情：输入字符串的格式不正确。
代码追踪：   在 System.Number.StringToNumber(String str, NumberStyles options, NumberBuffer& number, NumberFormatInfo info, Boolean parseDecimal)
   在 System.Number.ParseInt32(String s, NumberStyles style, NumberFormatInfo info)
   在 TTCMS.Controllers.TemplateController.Index(String viewname)
   在 lambda_method(Closure , ControllerBase , Object[] )
   在 System.Web.Mvc.ReflectedActionDescriptor.Execute(ControllerContext controllerContext, IDictionary`2 parameters)
   在 System.Web.Mvc.ControllerActionInvoker.InvokeActionMethod(ControllerContext controllerContext, ActionDescriptor actionDescriptor, IDictionary`2 parameters)
   在 System.Web.Mvc.ControllerActionInvoker.<>c__DisplayClass15.<InvokeActionMethodWithFilters>b__12()
   在 System.Web.Mvc.ControllerActionInvoker.InvokeActionMethodFilter(IActionFilter filter, ActionExecutingContext preContext, Func`1 continuation)
   在 System.Web.Mvc.ControllerActionInvoker.InvokeActionMethodWithFilters(ControllerContext controllerContext, IList`1 filters, ActionDescriptor actionDescriptor, IDictionary`2 parameters)
   在 System.Web.Mvc.ControllerActionInvoker.InvokeAction(ControllerContext controllerContext, String actionName)
   在 System.Web.Mvc.Controller.ExecuteCore()
   在 System.Web.Mvc.ControllerBase.Execute(RequestContext requestContext)
   在 System.Web.Mvc.MvcHandler.<>c__DisplayClass6.<>c__DisplayClassb.<BeginProcessRequest>b__5()
   在 System.Web.Mvc.Async.AsyncResultWrapper.<>c__DisplayClass1.<MakeVoidDelegate>b__0()
   在 System.Web.Mvc.MvcHandler.<>c__DisplayClasse.<EndProcessRequest>b__d()
   在 System.Web.HttpApplication.CallHandlerExecutionStep.System.Web.HttpApplication.IExecutionStep.Execute()
   在 System.Web.HttpApplication.ExecuteStep(IExecutionStep step, Boolean& completedSynchronously)

2017-05-27 17:38:35.1174|1.0.11.0|ERROR|TTCMS.MvcApplication|
信息编号：47d37219-62a8-4d6c-a705-4c7e487e26d1
用户主机：192.168.80.54
用户代理：Mozilla/5.0 (Windows NT 6.1; WOW64) AppleWebKit/537.36 (KHTML, like Gecko) Chrome/49.0.2623.112 Safari/537.36
记录时间：2017-05-27 17:38:35
来源网址：http://192.168.80.54:8081/cpyQualifty/4197/1
当前网址：GET - http://192.168.80.54:8081/cpyQualifty/4197/caseList
信息详情：输入字符串的格式不正确。
代码追踪：   在 System.Number.StringToNumber(String str, NumberStyles options, NumberBuffer& number, NumberFormatInfo info, Boolean parseDecimal)
   在 System.Number.ParseInt32(String s, NumberStyles style, NumberFormatInfo info)
   在 TTCMS.Controllers.TemplateController.Index(String viewname)
   在 lambda_method(Closure , ControllerBase , Object[] )
   在 System.Web.Mvc.ReflectedActionDescriptor.Execute(ControllerContext controllerContext, IDictionary`2 parameters)
   在 System.Web.Mvc.ControllerActionInvoker.InvokeActionMethod(ControllerContext controllerContext, ActionDescriptor actionDescriptor, IDictionary`2 parameters)
   在 System.Web.Mvc.ControllerActionInvoker.<>c__DisplayClass15.<InvokeActionMethodWithFilters>b__12()
   在 System.Web.Mvc.ControllerActionInvoker.InvokeActionMethodFilter(IActionFilter filter, ActionExecutingContext preContext, Func`1 continuation)
   在 System.Web.Mvc.ControllerActionInvoker.InvokeActionMethodWithFilters(ControllerContext controllerContext, IList`1 filters, ActionDescriptor actionDescriptor, IDictionary`2 parameters)
   在 System.Web.Mvc.ControllerActionInvoker.InvokeAction(ControllerContext controllerContext, String actionName)
   在 System.Web.Mvc.Controller.ExecuteCore()
   在 System.Web.Mvc.ControllerBase.Execute(RequestContext requestContext)
   在 System.Web.Mvc.MvcHandler.<>c__DisplayClass6.<>c__DisplayClassb.<BeginProcessRequest>b__5()
   在 System.Web.Mvc.Async.AsyncResultWrapper.<>c__DisplayClass1.<MakeVoidDelegate>b__0()
   在 System.Web.HttpApplication.CallHandlerExecutionStep.System.Web.HttpApplication.IExecutionStep.Execute()
   在 System.Web.HttpApplication.ExecuteStep(IExecutionStep step, Boolean& completedSynchronously)

