2017-06-08 09:22:08.1970|1.0.11.0|ERROR|TTCMS.MvcApplication|
信息编号：e38362d7-14a2-432f-9fd3-39244814df9c
用户主机：::1
用户代理：Mozilla/5.0 (iPhone; CPU iPhone OS 9_1 like Mac OS X) AppleWebKit/601.1.46 (KHTML, like Gecko) Version/9.0 Mobile/13B143 Safari/601.1
记录时间：2017-06-08 09:22:08
来源网址：http://localhost:8086/conJobDetail/69488
当前网址：GET - http://localhost:8086/about
信息详情：未找到视图“about”或其母版视图，或没有视图引擎支持搜索的位置。搜索了以下位置: 
~/Views/Template/about.aspx
~/Views/Template/about.ascx
~/Views/Shared/about.aspx
~/Views/Shared/about.ascx
~/Views/Template/about.cshtml
~/Views/Template/about.vbhtml
~/Views/Shared/about.cshtml
~/Views/Shared/about.vbhtml
代码追踪：   在 System.Web.Mvc.ViewResult.FindView(ControllerContext context)
   在 System.Web.Mvc.ViewResultBase.ExecuteResult(ControllerContext context)
   在 System.Web.Mvc.ControllerActionInvoker.InvokeActionResult(ControllerContext controllerContext, ActionResult actionResult)
   在 System.Web.Mvc.ControllerActionInvoker.<>c__DisplayClass1c.<InvokeActionResultWithFilters>b__19()
   在 System.Web.Mvc.ControllerActionInvoker.InvokeActionResultFilter(IResultFilter filter, ResultExecutingContext preContext, Func`1 continuation)
   在 System.Web.Mvc.ControllerActionInvoker.<>c__DisplayClass1c.<>c__DisplayClass1e.<InvokeActionResultWithFilters>b__1b()
   在 System.Web.Mvc.ControllerActionInvoker.InvokeActionResultWithFilters(ControllerContext controllerContext, IList`1 filters, ActionResult actionResult)
   在 System.Web.Mvc.ControllerActionInvoker.InvokeAction(ControllerContext controllerContext, String actionName)
   在 System.Web.Mvc.Controller.ExecuteCore()
   在 System.Web.Mvc.ControllerBase.Execute(RequestContext requestContext)
   在 System.Web.Mvc.ControllerBase.System.Web.Mvc.IController.Execute(RequestContext requestContext)
   在 System.Web.Mvc.MvcHandler.<>c__DisplayClass6.<>c__DisplayClassb.<BeginProcessRequest>b__5()
   在 System.Web.Mvc.Async.AsyncResultWrapper.<>c__DisplayClass1.<MakeVoidDelegate>b__0()
   在 System.Web.Mvc.Async.AsyncResultWrapper.<>c__DisplayClass8`1.<BeginSynchronous>b__7(IAsyncResult _)
   在 System.Web.Mvc.Async.AsyncResultWrapper.WrappedAsyncResult`1.End()
   在 System.Web.Mvc.MvcHandler.<>c__DisplayClasse.<EndProcessRequest>b__d()
   在 System.Web.Mvc.SecurityUtil.<GetCallInAppTrustThunk>b__0(Action f)
   在 System.Web.Mvc.SecurityUtil.ProcessInApplicationTrust(Action action)
   在 System.Web.Mvc.MvcHandler.EndProcessRequest(IAsyncResult asyncResult)
   在 System.Web.Mvc.MvcHandler.System.Web.IHttpAsyncHandler.EndProcessRequest(IAsyncResult result)
   在 System.Web.HttpApplication.CallHandlerExecutionStep.System.Web.HttpApplication.IExecutionStep.Execute()
   在 System.Web.HttpApplication.ExecuteStep(IExecutionStep step, Boolean& completedSynchronously)

2017-06-08 09:22:17.6074|1.0.11.0|ERROR|TTCMS.MvcApplication|
信息编号：5a87e474-5f3f-47a5-a2e3-f1817149881e
用户主机：::1
用户代理：Mozilla/5.0 (iPhone; CPU iPhone OS 9_1 like Mac OS X) AppleWebKit/601.1.46 (KHTML, like Gecko) Version/9.0 Mobile/13B143 Safari/601.1
记录时间：2017-06-08 09:22:17
来源网址：http://localhost:8086/
当前网址：GET - http://localhost:8086/about
信息详情：未找到视图“about”或其母版视图，或没有视图引擎支持搜索的位置。搜索了以下位置: 
~/Views/Template/about.aspx
~/Views/Template/about.ascx
~/Views/Shared/about.aspx
~/Views/Shared/about.ascx
~/Views/Template/about.cshtml
~/Views/Template/about.vbhtml
~/Views/Shared/about.cshtml
~/Views/Shared/about.vbhtml
代码追踪：   在 System.Web.Mvc.ViewResult.FindView(ControllerContext context)
   在 System.Web.Mvc.ViewResultBase.ExecuteResult(ControllerContext context)
   在 System.Web.Mvc.ControllerActionInvoker.InvokeActionResult(ControllerContext controllerContext, ActionResult actionResult)
   在 System.Web.Mvc.ControllerActionInvoker.<>c__DisplayClass1c.<InvokeActionResultWithFilters>b__19()
   在 System.Web.Mvc.ControllerActionInvoker.InvokeActionResultFilter(IResultFilter filter, ResultExecutingContext preContext, Func`1 continuation)
   在 System.Web.Mvc.ControllerActionInvoker.<>c__DisplayClass1c.<>c__DisplayClass1e.<InvokeActionResultWithFilters>b__1b()
   在 System.Web.Mvc.ControllerActionInvoker.InvokeActionResultWithFilters(ControllerContext controllerContext, IList`1 filters, ActionResult actionResult)
   在 System.Web.Mvc.ControllerActionInvoker.InvokeAction(ControllerContext controllerContext, String actionName)
   在 System.Web.Mvc.Controller.ExecuteCore()
   在 System.Web.Mvc.ControllerBase.Execute(RequestContext requestContext)
   在 System.Web.Mvc.ControllerBase.System.Web.Mvc.IController.Execute(RequestContext requestContext)
   在 System.Web.Mvc.MvcHandler.<>c__DisplayClass6.<>c__DisplayClassb.<BeginProcessRequest>b__5()
   在 System.Web.Mvc.Async.AsyncResultWrapper.<>c__DisplayClass1.<MakeVoidDelegate>b__0()
   在 System.Web.Mvc.Async.AsyncResultWrapper.<>c__DisplayClass8`1.<BeginSynchronous>b__7(IAsyncResult _)
   在 System.Web.Mvc.Async.AsyncResultWrapper.WrappedAsyncResult`1.End()
   在 System.Web.Mvc.MvcHandler.<>c__DisplayClasse.<EndProcessRequest>b__d()
   在 System.Web.Mvc.SecurityUtil.<GetCallInAppTrustThunk>b__0(Action f)
   在 System.Web.Mvc.SecurityUtil.ProcessInApplicationTrust(Action action)
   在 System.Web.Mvc.MvcHandler.EndProcessRequest(IAsyncResult asyncResult)
   在 System.Web.Mvc.MvcHandler.System.Web.IHttpAsyncHandler.EndProcessRequest(IAsyncResult result)
   在 System.Web.HttpApplication.CallHandlerExecutionStep.System.Web.HttpApplication.IExecutionStep.Execute()
   在 System.Web.HttpApplication.ExecuteStep(IExecutionStep step, Boolean& completedSynchronously)

2017-06-08 09:22:22.6574|1.0.11.0|ERROR|TTCMS.MvcApplication|
信息编号：d9434452-1b64-4ea8-bdec-da596a1d60f8
用户主机：::1
用户代理：Mozilla/5.0 (iPhone; CPU iPhone OS 9_1 like Mac OS X) AppleWebKit/601.1.46 (KHTML, like Gecko) Version/9.0 Mobile/13B143 Safari/601.1
记录时间：2017-06-08 09:22:22
来源网址：http://localhost:8086/
当前网址：GET - http://localhost:8086/about
信息详情：未找到视图“about”或其母版视图，或没有视图引擎支持搜索的位置。搜索了以下位置: 
~/Views/Template/about.aspx
~/Views/Template/about.ascx
~/Views/Shared/about.aspx
~/Views/Shared/about.ascx
~/Views/Template/about.cshtml
~/Views/Template/about.vbhtml
~/Views/Shared/about.cshtml
~/Views/Shared/about.vbhtml
代码追踪：   在 System.Web.Mvc.ViewResult.FindView(ControllerContext context)
   在 System.Web.Mvc.ViewResultBase.ExecuteResult(ControllerContext context)
   在 System.Web.Mvc.ControllerActionInvoker.InvokeActionResult(ControllerContext controllerContext, ActionResult actionResult)
   在 System.Web.Mvc.ControllerActionInvoker.<>c__DisplayClass1c.<InvokeActionResultWithFilters>b__19()
   在 System.Web.Mvc.ControllerActionInvoker.InvokeActionResultFilter(IResultFilter filter, ResultExecutingContext preContext, Func`1 continuation)
   在 System.Web.Mvc.ControllerActionInvoker.<>c__DisplayClass1c.<>c__DisplayClass1e.<InvokeActionResultWithFilters>b__1b()
   在 System.Web.Mvc.ControllerActionInvoker.InvokeActionResultWithFilters(ControllerContext controllerContext, IList`1 filters, ActionResult actionResult)
   在 System.Web.Mvc.ControllerActionInvoker.InvokeAction(ControllerContext controllerContext, String actionName)
   在 System.Web.Mvc.Controller.ExecuteCore()
   在 System.Web.Mvc.ControllerBase.Execute(RequestContext requestContext)
   在 System.Web.Mvc.ControllerBase.System.Web.Mvc.IController.Execute(RequestContext requestContext)
   在 System.Web.Mvc.MvcHandler.<>c__DisplayClass6.<>c__DisplayClassb.<BeginProcessRequest>b__5()
   在 System.Web.Mvc.Async.AsyncResultWrapper.<>c__DisplayClass1.<MakeVoidDelegate>b__0()
   在 System.Web.Mvc.Async.AsyncResultWrapper.<>c__DisplayClass8`1.<BeginSynchronous>b__7(IAsyncResult _)
   在 System.Web.Mvc.Async.AsyncResultWrapper.WrappedAsyncResult`1.End()
   在 System.Web.Mvc.MvcHandler.<>c__DisplayClasse.<EndProcessRequest>b__d()
   在 System.Web.Mvc.SecurityUtil.<GetCallInAppTrustThunk>b__0(Action f)
   在 System.Web.Mvc.SecurityUtil.ProcessInApplicationTrust(Action action)
   在 System.Web.Mvc.MvcHandler.EndProcessRequest(IAsyncResult asyncResult)
   在 System.Web.Mvc.MvcHandler.System.Web.IHttpAsyncHandler.EndProcessRequest(IAsyncResult result)
   在 System.Web.HttpApplication.CallHandlerExecutionStep.System.Web.HttpApplication.IExecutionStep.Execute()
   在 System.Web.HttpApplication.ExecuteStep(IExecutionStep step, Boolean& completedSynchronously)

2017-06-08 09:22:22.8564|1.0.11.0|ERROR|TTCMS.MvcApplication|
信息编号：91a92813-1001-476c-b9b3-0a941916b5fd
用户主机：::1
用户代理：Mozilla/5.0 (iPhone; CPU iPhone OS 9_1 like Mac OS X) AppleWebKit/601.1.46 (KHTML, like Gecko) Version/9.0 Mobile/13B143 Safari/601.1
记录时间：2017-06-08 09:22:22
来源网址：http://localhost:8086/
当前网址：GET - http://localhost:8086/about
信息详情：未找到视图“about”或其母版视图，或没有视图引擎支持搜索的位置。搜索了以下位置: 
~/Views/Template/about.aspx
~/Views/Template/about.ascx
~/Views/Shared/about.aspx
~/Views/Shared/about.ascx
~/Views/Template/about.cshtml
~/Views/Template/about.vbhtml
~/Views/Shared/about.cshtml
~/Views/Shared/about.vbhtml
代码追踪：   在 System.Web.Mvc.ViewResult.FindView(ControllerContext context)
   在 System.Web.Mvc.ViewResultBase.ExecuteResult(ControllerContext context)
   在 System.Web.Mvc.ControllerActionInvoker.InvokeActionResult(ControllerContext controllerContext, ActionResult actionResult)
   在 System.Web.Mvc.ControllerActionInvoker.<>c__DisplayClass1c.<InvokeActionResultWithFilters>b__19()
   在 System.Web.Mvc.ControllerActionInvoker.InvokeActionResultFilter(IResultFilter filter, ResultExecutingContext preContext, Func`1 continuation)
   在 System.Web.Mvc.ControllerActionInvoker.<>c__DisplayClass1c.<>c__DisplayClass1e.<InvokeActionResultWithFilters>b__1b()
   在 System.Web.Mvc.ControllerActionInvoker.InvokeActionResultWithFilters(ControllerContext controllerContext, IList`1 filters, ActionResult actionResult)
   在 System.Web.Mvc.ControllerActionInvoker.InvokeAction(ControllerContext controllerContext, String actionName)
   在 System.Web.Mvc.Controller.ExecuteCore()
   在 System.Web.Mvc.ControllerBase.Execute(RequestContext requestContext)
   在 System.Web.Mvc.ControllerBase.System.Web.Mvc.IController.Execute(RequestContext requestContext)
   在 System.Web.Mvc.MvcHandler.<>c__DisplayClass6.<>c__DisplayClassb.<BeginProcessRequest>b__5()
   在 System.Web.Mvc.Async.AsyncResultWrapper.<>c__DisplayClass1.<MakeVoidDelegate>b__0()
   在 System.Web.Mvc.Async.AsyncResultWrapper.<>c__DisplayClass8`1.<BeginSynchronous>b__7(IAsyncResult _)
   在 System.Web.Mvc.Async.AsyncResultWrapper.WrappedAsyncResult`1.End()
   在 System.Web.Mvc.MvcHandler.<>c__DisplayClasse.<EndProcessRequest>b__d()
   在 System.Web.Mvc.SecurityUtil.<GetCallInAppTrustThunk>b__0(Action f)
   在 System.Web.Mvc.SecurityUtil.ProcessInApplicationTrust(Action action)
   在 System.Web.Mvc.MvcHandler.EndProcessRequest(IAsyncResult asyncResult)
   在 System.Web.Mvc.MvcHandler.System.Web.IHttpAsyncHandler.EndProcessRequest(IAsyncResult result)
   在 System.Web.HttpApplication.CallHandlerExecutionStep.System.Web.HttpApplication.IExecutionStep.Execute()
   在 System.Web.HttpApplication.ExecuteStep(IExecutionStep step, Boolean& completedSynchronously)

2017-06-08 09:22:23.0574|1.0.11.0|ERROR|TTCMS.MvcApplication|
信息编号：28b8eecd-2f55-472b-91bf-ac174320b536
用户主机：::1
用户代理：Mozilla/5.0 (iPhone; CPU iPhone OS 9_1 like Mac OS X) AppleWebKit/601.1.46 (KHTML, like Gecko) Version/9.0 Mobile/13B143 Safari/601.1
记录时间：2017-06-08 09:22:23
来源网址：http://localhost:8086/
当前网址：GET - http://localhost:8086/about
信息详情：未找到视图“about”或其母版视图，或没有视图引擎支持搜索的位置。搜索了以下位置: 
~/Views/Template/about.aspx
~/Views/Template/about.ascx
~/Views/Shared/about.aspx
~/Views/Shared/about.ascx
~/Views/Template/about.cshtml
~/Views/Template/about.vbhtml
~/Views/Shared/about.cshtml
~/Views/Shared/about.vbhtml
代码追踪：   在 System.Web.Mvc.ViewResult.FindView(ControllerContext context)
   在 System.Web.Mvc.ViewResultBase.ExecuteResult(ControllerContext context)
   在 System.Web.Mvc.ControllerActionInvoker.InvokeActionResult(ControllerContext controllerContext, ActionResult actionResult)
   在 System.Web.Mvc.ControllerActionInvoker.<>c__DisplayClass1c.<InvokeActionResultWithFilters>b__19()
   在 System.Web.Mvc.ControllerActionInvoker.InvokeActionResultFilter(IResultFilter filter, ResultExecutingContext preContext, Func`1 continuation)
   在 System.Web.Mvc.ControllerActionInvoker.<>c__DisplayClass1c.<>c__DisplayClass1e.<InvokeActionResultWithFilters>b__1b()
   在 System.Web.Mvc.ControllerActionInvoker.InvokeActionResultWithFilters(ControllerContext controllerContext, IList`1 filters, ActionResult actionResult)
   在 System.Web.Mvc.ControllerActionInvoker.InvokeAction(ControllerContext controllerContext, String actionName)
   在 System.Web.Mvc.Controller.ExecuteCore()
   在 System.Web.Mvc.ControllerBase.Execute(RequestContext requestContext)
   在 System.Web.Mvc.ControllerBase.System.Web.Mvc.IController.Execute(RequestContext requestContext)
   在 System.Web.Mvc.MvcHandler.<>c__DisplayClass6.<>c__DisplayClassb.<BeginProcessRequest>b__5()
   在 System.Web.Mvc.Async.AsyncResultWrapper.<>c__DisplayClass1.<MakeVoidDelegate>b__0()
   在 System.Web.Mvc.Async.AsyncResultWrapper.<>c__DisplayClass8`1.<BeginSynchronous>b__7(IAsyncResult _)
   在 System.Web.Mvc.Async.AsyncResultWrapper.WrappedAsyncResult`1.End()
   在 System.Web.Mvc.MvcHandler.<>c__DisplayClasse.<EndProcessRequest>b__d()
   在 System.Web.Mvc.SecurityUtil.<GetCallInAppTrustThunk>b__0(Action f)
   在 System.Web.Mvc.SecurityUtil.ProcessInApplicationTrust(Action action)
   在 System.Web.Mvc.MvcHandler.EndProcessRequest(IAsyncResult asyncResult)
   在 System.Web.Mvc.MvcHandler.System.Web.IHttpAsyncHandler.EndProcessRequest(IAsyncResult result)
   在 System.Web.HttpApplication.CallHandlerExecutionStep.System.Web.HttpApplication.IExecutionStep.Execute()
   在 System.Web.HttpApplication.ExecuteStep(IExecutionStep step, Boolean& completedSynchronously)

2017-06-08 09:22:30.7496|1.0.11.0|ERROR|TTCMS.MvcApplication|
信息编号：48a44dbe-ee7d-4e81-8de6-ede293390419
用户主机：::1
用户代理：Mozilla/5.0 (iPhone; CPU iPhone OS 9_1 like Mac OS X) AppleWebKit/601.1.46 (KHTML, like Gecko) Version/9.0 Mobile/13B143 Safari/601.1
记录时间：2017-06-08 09:22:30
来源网址：http://localhost:8086/
当前网址：GET - http://localhost:8086/about
信息详情：未找到视图“about”或其母版视图，或没有视图引擎支持搜索的位置。搜索了以下位置: 
~/Views/Template/about.aspx
~/Views/Template/about.ascx
~/Views/Shared/about.aspx
~/Views/Shared/about.ascx
~/Views/Template/about.cshtml
~/Views/Template/about.vbhtml
~/Views/Shared/about.cshtml
~/Views/Shared/about.vbhtml
代码追踪：   在 System.Web.Mvc.ViewResult.FindView(ControllerContext context)
   在 System.Web.Mvc.ViewResultBase.ExecuteResult(ControllerContext context)
   在 System.Web.Mvc.ControllerActionInvoker.InvokeActionResult(ControllerContext controllerContext, ActionResult actionResult)
   在 System.Web.Mvc.ControllerActionInvoker.<>c__DisplayClass1c.<InvokeActionResultWithFilters>b__19()
   在 System.Web.Mvc.ControllerActionInvoker.InvokeActionResultFilter(IResultFilter filter, ResultExecutingContext preContext, Func`1 continuation)
   在 System.Web.Mvc.ControllerActionInvoker.<>c__DisplayClass1c.<>c__DisplayClass1e.<InvokeActionResultWithFilters>b__1b()
   在 System.Web.Mvc.ControllerActionInvoker.InvokeActionResultWithFilters(ControllerContext controllerContext, IList`1 filters, ActionResult actionResult)
   在 System.Web.Mvc.ControllerActionInvoker.InvokeAction(ControllerContext controllerContext, String actionName)
   在 System.Web.Mvc.Controller.ExecuteCore()
   在 System.Web.Mvc.ControllerBase.Execute(RequestContext requestContext)
   在 System.Web.Mvc.ControllerBase.System.Web.Mvc.IController.Execute(RequestContext requestContext)
   在 System.Web.Mvc.MvcHandler.<>c__DisplayClass6.<>c__DisplayClassb.<BeginProcessRequest>b__5()
   在 System.Web.Mvc.Async.AsyncResultWrapper.<>c__DisplayClass1.<MakeVoidDelegate>b__0()
   在 System.Web.Mvc.Async.AsyncResultWrapper.<>c__DisplayClass8`1.<BeginSynchronous>b__7(IAsyncResult _)
   在 System.Web.Mvc.Async.AsyncResultWrapper.WrappedAsyncResult`1.End()
   在 System.Web.Mvc.MvcHandler.<>c__DisplayClasse.<EndProcessRequest>b__d()
   在 System.Web.Mvc.SecurityUtil.<GetCallInAppTrustThunk>b__0(Action f)
   在 System.Web.Mvc.SecurityUtil.ProcessInApplicationTrust(Action action)
   在 System.Web.Mvc.MvcHandler.EndProcessRequest(IAsyncResult asyncResult)
   在 System.Web.Mvc.MvcHandler.System.Web.IHttpAsyncHandler.EndProcessRequest(IAsyncResult result)
   在 System.Web.HttpApplication.CallHandlerExecutionStep.System.Web.HttpApplication.IExecutionStep.Execute()
   在 System.Web.HttpApplication.ExecuteStep(IExecutionStep step, Boolean& completedSynchronously)

2017-06-08 09:22:31.5915|1.0.11.0|ERROR|TTCMS.MvcApplication|
信息编号：bfcf423e-4ad6-4e12-9b40-1213e94695f3
用户主机：::1
用户代理：Mozilla/5.0 (iPhone; CPU iPhone OS 9_1 like Mac OS X) AppleWebKit/601.1.46 (KHTML, like Gecko) Version/9.0 Mobile/13B143 Safari/601.1
记录时间：2017-06-08 09:22:31
来源网址：http://localhost:8086/
当前网址：GET - http://localhost:8086/about
信息详情：未找到视图“about”或其母版视图，或没有视图引擎支持搜索的位置。搜索了以下位置: 
~/Views/Template/about.aspx
~/Views/Template/about.ascx
~/Views/Shared/about.aspx
~/Views/Shared/about.ascx
~/Views/Template/about.cshtml
~/Views/Template/about.vbhtml
~/Views/Shared/about.cshtml
~/Views/Shared/about.vbhtml
代码追踪：   在 System.Web.Mvc.ViewResult.FindView(ControllerContext context)
   在 System.Web.Mvc.ViewResultBase.ExecuteResult(ControllerContext context)
   在 System.Web.Mvc.ControllerActionInvoker.InvokeActionResult(ControllerContext controllerContext, ActionResult actionResult)
   在 System.Web.Mvc.ControllerActionInvoker.<>c__DisplayClass1c.<InvokeActionResultWithFilters>b__19()
   在 System.Web.Mvc.ControllerActionInvoker.InvokeActionResultFilter(IResultFilter filter, ResultExecutingContext preContext, Func`1 continuation)
   在 System.Web.Mvc.ControllerActionInvoker.<>c__DisplayClass1c.<>c__DisplayClass1e.<InvokeActionResultWithFilters>b__1b()
   在 System.Web.Mvc.ControllerActionInvoker.InvokeActionResultWithFilters(ControllerContext controllerContext, IList`1 filters, ActionResult actionResult)
   在 System.Web.Mvc.ControllerActionInvoker.InvokeAction(ControllerContext controllerContext, String actionName)
   在 System.Web.Mvc.Controller.ExecuteCore()
   在 System.Web.Mvc.ControllerBase.Execute(RequestContext requestContext)
   在 System.Web.Mvc.ControllerBase.System.Web.Mvc.IController.Execute(RequestContext requestContext)
   在 System.Web.Mvc.MvcHandler.<>c__DisplayClass6.<>c__DisplayClassb.<BeginProcessRequest>b__5()
   在 System.Web.Mvc.Async.AsyncResultWrapper.<>c__DisplayClass1.<MakeVoidDelegate>b__0()
   在 System.Web.Mvc.Async.AsyncResultWrapper.<>c__DisplayClass8`1.<BeginSynchronous>b__7(IAsyncResult _)
   在 System.Web.Mvc.Async.AsyncResultWrapper.WrappedAsyncResult`1.End()
   在 System.Web.Mvc.MvcHandler.<>c__DisplayClasse.<EndProcessRequest>b__d()
   在 System.Web.Mvc.SecurityUtil.<GetCallInAppTrustThunk>b__0(Action f)
   在 System.Web.Mvc.SecurityUtil.ProcessInApplicationTrust(Action action)
   在 System.Web.Mvc.MvcHandler.EndProcessRequest(IAsyncResult asyncResult)
   在 System.Web.Mvc.MvcHandler.System.Web.IHttpAsyncHandler.EndProcessRequest(IAsyncResult result)
   在 System.Web.HttpApplication.CallHandlerExecutionStep.System.Web.HttpApplication.IExecutionStep.Execute()
   在 System.Web.HttpApplication.ExecuteStep(IExecutionStep step, Boolean& completedSynchronously)

2017-06-08 09:22:38.0814|1.0.11.0|ERROR|TTCMS.MvcApplication|
信息编号：5c77e28c-e95c-4036-9dfd-02c9bb551c31
用户主机：::1
用户代理：Mozilla/5.0 (iPhone; CPU iPhone OS 9_1 like Mac OS X) AppleWebKit/601.1.46 (KHTML, like Gecko) Version/9.0 Mobile/13B143 Safari/601.1
记录时间：2017-06-08 09:22:38
来源网址：http://localhost:8086/
当前网址：GET - http://localhost:8086/about
信息详情：未找到视图“about”或其母版视图，或没有视图引擎支持搜索的位置。搜索了以下位置: 
~/Views/Template/about.aspx
~/Views/Template/about.ascx
~/Views/Shared/about.aspx
~/Views/Shared/about.ascx
~/Views/Template/about.cshtml
~/Views/Template/about.vbhtml
~/Views/Shared/about.cshtml
~/Views/Shared/about.vbhtml
代码追踪：   在 System.Web.Mvc.ViewResult.FindView(ControllerContext context)
   在 System.Web.Mvc.ViewResultBase.ExecuteResult(ControllerContext context)
   在 System.Web.Mvc.ControllerActionInvoker.InvokeActionResult(ControllerContext controllerContext, ActionResult actionResult)
   在 System.Web.Mvc.ControllerActionInvoker.<>c__DisplayClass1c.<InvokeActionResultWithFilters>b__19()
   在 System.Web.Mvc.ControllerActionInvoker.InvokeActionResultFilter(IResultFilter filter, ResultExecutingContext preContext, Func`1 continuation)
   在 System.Web.Mvc.ControllerActionInvoker.<>c__DisplayClass1c.<>c__DisplayClass1e.<InvokeActionResultWithFilters>b__1b()
   在 System.Web.Mvc.ControllerActionInvoker.InvokeActionResultWithFilters(ControllerContext controllerContext, IList`1 filters, ActionResult actionResult)
   在 System.Web.Mvc.ControllerActionInvoker.InvokeAction(ControllerContext controllerContext, String actionName)
   在 System.Web.Mvc.Controller.ExecuteCore()
   在 System.Web.Mvc.ControllerBase.Execute(RequestContext requestContext)
   在 System.Web.Mvc.ControllerBase.System.Web.Mvc.IController.Execute(RequestContext requestContext)
   在 System.Web.Mvc.MvcHandler.<>c__DisplayClass6.<>c__DisplayClassb.<BeginProcessRequest>b__5()
   在 System.Web.Mvc.Async.AsyncResultWrapper.<>c__DisplayClass1.<MakeVoidDelegate>b__0()
   在 System.Web.Mvc.Async.AsyncResultWrapper.<>c__DisplayClass8`1.<BeginSynchronous>b__7(IAsyncResult _)
   在 System.Web.Mvc.Async.AsyncResultWrapper.WrappedAsyncResult`1.End()
   在 System.Web.Mvc.MvcHandler.<>c__DisplayClasse.<EndProcessRequest>b__d()
   在 System.Web.Mvc.SecurityUtil.<GetCallInAppTrustThunk>b__0(Action f)
   在 System.Web.Mvc.SecurityUtil.ProcessInApplicationTrust(Action action)
   在 System.Web.Mvc.MvcHandler.EndProcessRequest(IAsyncResult asyncResult)
   在 System.Web.Mvc.MvcHandler.System.Web.IHttpAsyncHandler.EndProcessRequest(IAsyncResult result)
   在 System.Web.HttpApplication.CallHandlerExecutionStep.System.Web.HttpApplication.IExecutionStep.Execute()
   在 System.Web.HttpApplication.ExecuteStep(IExecutionStep step, Boolean& completedSynchronously)

